--------------- Rebuild Started: 05/23/2019 10:28:26 Project: NGFLUI_Vikram, Configuration: ARM GCC 5.4-2016-q2-update Debug ---------------
Deleting file ".\NGFLUI_Vikram.cycdx"
Deleting file ".\NGFLUI_Vikram.rpt"
cydsfit.exe -.appdatapath "C:\Users\220036621\AppData\Local\Cypress Semiconductor\PSoC Creator\4.2" -.fdsnotice -.fdswarpdepfile=warp_dependencies.txt -.fdselabdepfile=elab_dependencies.txt -.fdsbldfile=generated_files.txt -.fdsreffile=referenced_files.txt -p C:\GEA_Cypress_proj\NGFL\Tuning_SW\_old\NGFLUI.cywrk.Archive01\NGFLUI\NGFLUI_Vikram.cydsn\NGFLUI_Vikram.cyprj -d CY8C4127AZI-S455 -s C:\GEA_Cypress_proj\NGFL\Tuning_SW\_old\NGFLUI.cywrk.Archive01\NGFLUI\NGFLUI_Vikram.cydsn\Generated_Source\PSoC4 -- -yv2 -q10 -ygs -o2 -v3 -.fftcfgtype=LE
Elaborating Design...
HDL Generation...
Synthesis...
Tech Mapping...
Analog Placement...
Analog Routing...
Analog Code Generation...
Digital Placement...
Digital Routing...
Bitstream Generation...
Bitstream Verification...
Static timing analysis...
API Generation...
Dependency Generation...
Cleanup...
arm-none-eabi-gcc.exe -mcpu=cortex-m0plus -mthumb -I. -IGenerated_Source\PSoC4 -Wa,-alh=.\CortexM0p\ARM_GCC_541\Debug/main.lst -g -D DEBUG -D CY_CORE_ID=0 -Wall -ffunction-sections -ffat-lto-objects -Og -c main.c -o .\CortexM0p\ARM_GCC_541\Debug\main.o
main.c: In function 'main':
main.c:264:6: warning: implicit declaration of function 'UART_UartPutString' [-Wimplicit-function-declaration]
      UART_UartPutString(printBuf);
      ^
main.c:159:28: warning: unused variable 'ptrSns' [-Wunused-variable]
   CapSense_RAM_SNS_STRUCT *ptrSns;
                            ^
arm-none-eabi-gcc.exe -mcpu=cortex-m0plus -mthumb -I. -IGenerated_Source\PSoC4 -Wa,-alh=.\CortexM0p\ARM_GCC_541\Debug/cyfitter_cfg.lst -g -D DEBUG -D CY_CORE_ID=0 -Wall -ffunction-sections -ffat-lto-objects -Og -c Generated_Source\PSoC4\cyfitter_cfg.c -o .\CortexM0p\ARM_GCC_541\Debug\cyfitter_cfg.o
arm-none-eabi-gcc.exe -mcpu=cortex-m0plus -mthumb -I. -IGenerated_Source\PSoC4 -Wa,-alh=.\CortexM0p\ARM_GCC_541\Debug/cymetadata.lst -g -D DEBUG -D CY_CORE_ID=0 -Wall -ffunction-sections -ffat-lto-objects -Og -c Generated_Source\PSoC4\cymetadata.c -o .\CortexM0p\ARM_GCC_541\Debug\cymetadata.o
arm-none-eabi-gcc.exe -mcpu=cortex-m0plus -mthumb -I. -IGenerated_Source\PSoC4 -Wa,-alh=.\CortexM0p\ARM_GCC_541\Debug/EZI2C.lst -g -D DEBUG -D CY_CORE_ID=0 -Wall -ffunction-sections -ffat-lto-objects -Og -c Generated_Source\PSoC4\EZI2C.c -o .\CortexM0p\ARM_GCC_541\Debug\EZI2C.o
arm-none-eabi-gcc.exe -mcpu=cortex-m0plus -mthumb -I. -IGenerated_Source\PSoC4 -Wa,-alh=.\CortexM0p\ARM_GCC_541\Debug/EZI2C_PM.lst -g -D DEBUG -D CY_CORE_ID=0 -Wall -ffunction-sections -ffat-lto-objects -Og -c Generated_Source\PSoC4\EZI2C_PM.c -o .\CortexM0p\ARM_GCC_541\Debug\EZI2C_PM.o
arm-none-eabi-gcc.exe -mcpu=cortex-m0plus -mthumb -I. -IGenerated_Source\PSoC4 -Wa,-alh=.\CortexM0p\ARM_GCC_541\Debug/EZI2C_BOOT.lst -g -D DEBUG -D CY_CORE_ID=0 -Wall -ffunction-sections -ffat-lto-objects -Og -c Generated_Source\PSoC4\EZI2C_BOOT.c -o .\CortexM0p\ARM_GCC_541\Debug\EZI2C_BOOT.o
arm-none-eabi-gcc.exe -mcpu=cortex-m0plus -mthumb -I. -IGenerated_Source\PSoC4 -Wa,-alh=.\CortexM0p\ARM_GCC_541\Debug/EZI2C_EZI2C.lst -g -D DEBUG -D CY_CORE_ID=0 -Wall -ffunction-sections -ffat-lto-objects -Og -c Generated_Source\PSoC4\EZI2C_EZI2C.c -o .\CortexM0p\ARM_GCC_541\Debug\EZI2C_EZI2C.o
arm-none-eabi-gcc.exe -mcpu=cortex-m0plus -mthumb -I. -IGenerated_Source\PSoC4 -Wa,-alh=.\CortexM0p\ARM_GCC_541\Debug/EZI2C_EZI2C_INT.lst -g -D DEBUG -D CY_CORE_ID=0 -Wall -ffunction-sections -ffat-lto-objects -Og -c Generated_Source\PSoC4\EZI2C_EZI2C_INT.c -o .\CortexM0p\ARM_GCC_541\Debug\EZI2C_EZI2C_INT.o
arm-none-eabi-gcc.exe -mcpu=cortex-m0plus -mthumb -I. -IGenerated_Source\PSoC4 -Wa,-alh=.\CortexM0p\ARM_GCC_541\Debug/EZI2C_EZI2C_BOOT.lst -g -D DEBUG -D CY_CORE_ID=0 -Wall -ffunction-sections -ffat-lto-objects -Og -c Generated_Source\PSoC4\EZI2C_EZI2C_BOOT.c -o .\CortexM0p\ARM_GCC_541\Debug\EZI2C_EZI2C_BOOT.o
arm-none-eabi-gcc.exe -mcpu=cortex-m0plus -mthumb -I. -IGenerated_Source\PSoC4 -Wa,-alh=.\CortexM0p\ARM_GCC_541\Debug/HB_LED.lst -g -D DEBUG -D CY_CORE_ID=0 -Wall -ffunction-sections -ffat-lto-objects -Og -c Generated_Source\PSoC4\HB_LED.c -o .\CortexM0p\ARM_GCC_541\Debug\HB_LED.o
arm-none-eabi-gcc.exe -mcpu=cortex-m0plus -mthumb -I. -IGenerated_Source\PSoC4 -Wa,-alh=.\CortexM0p\ARM_GCC_541\Debug/HB_LED_PM.lst -g -D DEBUG -D CY_CORE_ID=0 -Wall -ffunction-sections -ffat-lto-objects -Og -c Generated_Source\PSoC4\HB_LED_PM.c -o .\CortexM0p\ARM_GCC_541\Debug\HB_LED_PM.o
arm-none-eabi-gcc.exe -mcpu=cortex-m0plus -mthumb -I. -IGenerated_Source\PSoC4 -Wa,-alh=.\CortexM0p\ARM_GCC_541\Debug/EZI2C_SCBCLK.lst -g -D DEBUG -D CY_CORE_ID=0 -Wall -ffunction-sections -ffat-lto-objects -Og -c Generated_Source\PSoC4\EZI2C_SCBCLK.c -o .\CortexM0p\ARM_GCC_541\Debug\EZI2C_SCBCLK.o
arm-none-eabi-gcc.exe -mcpu=cortex-m0plus -mthumb -I. -IGenerated_Source\PSoC4 -Wa,-alh=.\CortexM0p\ARM_GCC_541\Debug/EZI2C_sda.lst -g -D DEBUG -D CY_CORE_ID=0 -Wall -ffunction-sections -ffat-lto-objects -Og -c Generated_Source\PSoC4\EZI2C_sda.c -o .\CortexM0p\ARM_GCC_541\Debug\EZI2C_sda.o
arm-none-eabi-gcc.exe -mcpu=cortex-m0plus -mthumb -I. -IGenerated_Source\PSoC4 -Wa,-alh=.\CortexM0p\ARM_GCC_541\Debug/EZI2C_sda_PM.lst -g -D DEBUG -D CY_CORE_ID=0 -Wall -ffunction-sections -ffat-lto-objects -Og -c Generated_Source\PSoC4\EZI2C_sda_PM.c -o .\CortexM0p\ARM_GCC_541\Debug\EZI2C_sda_PM.o
arm-none-eabi-gcc.exe -mcpu=cortex-m0plus -mthumb -I. -IGenerated_Source\PSoC4 -Wa,-alh=.\CortexM0p\ARM_GCC_541\Debug/EZI2C_scl.lst -g -D DEBUG -D CY_CORE_ID=0 -Wall -ffunction-sections -ffat-lto-objects -Og -c Generated_Source\PSoC4\EZI2C_scl.c -o .\CortexM0p\ARM_GCC_541\Debug\EZI2C_scl.o
arm-none-eabi-gcc.exe -mcpu=cortex-m0plus -mthumb -I. -IGenerated_Source\PSoC4 -Wa,-alh=.\CortexM0p\ARM_GCC_541\Debug/EZI2C_scl_PM.lst -g -D DEBUG -D CY_CORE_ID=0 -Wall -ffunction-sections -ffat-lto-objects -Og -c Generated_Source\PSoC4\EZI2C_scl_PM.c -o .\CortexM0p\ARM_GCC_541\Debug\EZI2C_scl_PM.o
arm-none-eabi-gcc.exe -mcpu=cortex-m0plus -mthumb -I. -IGenerated_Source\PSoC4 -Wa,-alh=.\CortexM0p\ARM_GCC_541\Debug/EZI2C_SCB_IRQ.lst -g -D DEBUG -D CY_CORE_ID=0 -Wall -ffunction-sections -ffat-lto-objects -Og -c Generated_Source\PSoC4\EZI2C_SCB_IRQ.c -o .\CortexM0p\ARM_GCC_541\Debug\EZI2C_SCB_IRQ.o
arm-none-eabi-gcc.exe -mcpu=cortex-m0plus -mthumb -I. -IGenerated_Source\PSoC4 -Wa,-alh=.\CortexM0p\ARM_GCC_541\Debug/cy_em_eeprom.lst -g -D DEBUG -D CY_CORE_ID=0 -Wall -ffunction-sections -ffat-lto-objects -Og -c Generated_Source\PSoC4\cy_em_eeprom.c -o .\CortexM0p\ARM_GCC_541\Debug\cy_em_eeprom.o
arm-none-eabi-gcc.exe -mcpu=cortex-m0plus -mthumb -I. -IGenerated_Source\PSoC4 -Wa,-alh=.\CortexM0p\ARM_GCC_541\Debug/Cm0plusStart.lst -g -D DEBUG -D CY_CORE_ID=0 -Wall -ffunction-sections -ffat-lto-objects -Og -c Generated_Source\PSoC4\Cm0plusStart.c -o .\CortexM0p\ARM_GCC_541\Debug\Cm0plusStart.o
arm-none-eabi-gcc.exe -mcpu=cortex-m0plus -mthumb -I. -IGenerated_Source\PSoC4 -Wa,-alh=.\CortexM0p\ARM_GCC_541\Debug/CyFlash.lst -g -D DEBUG -D CY_CORE_ID=0 -Wall -ffunction-sections -ffat-lto-objects -Og -c Generated_Source\PSoC4\CyFlash.c -o .\CortexM0p\ARM_GCC_541\Debug\CyFlash.o
arm-none-eabi-gcc.exe -mcpu=cortex-m0plus -mthumb -I. -IGenerated_Source\PSoC4 -Wa,-alh=.\CortexM0p\ARM_GCC_541\Debug/CyLib.lst -g -D DEBUG -D CY_CORE_ID=0 -Wall -ffunction-sections -ffat-lto-objects -Og -c Generated_Source\PSoC4\CyLib.c -o .\CortexM0p\ARM_GCC_541\Debug\CyLib.o
arm-none-eabi-gcc.exe -mcpu=cortex-m0plus -mthumb -I. -IGenerated_Source\PSoC4 -Wa,-alh=.\CortexM0p\ARM_GCC_541\Debug/cyPm.lst -g -D DEBUG -D CY_CORE_ID=0 -Wall -ffunction-sections -ffat-lto-objects -Og -c Generated_Source\PSoC4\cyPm.c -o .\CortexM0p\ARM_GCC_541\Debug\cyPm.o
arm-none-eabi-gcc.exe -mcpu=cortex-m0plus -mthumb -I. -IGenerated_Source\PSoC4 -Wa,-alh=.\CortexM0p\ARM_GCC_541\Debug/cyutils.lst -g -D DEBUG -D CY_CORE_ID=0 -Wall -ffunction-sections -ffat-lto-objects -Og -c Generated_Source\PSoC4\cyutils.c -o .\CortexM0p\ARM_GCC_541\Debug\cyutils.o
arm-none-eabi-gcc.exe -mcpu=cortex-m0plus -mthumb -I. -IGenerated_Source\PSoC4 -Wa,-alh=.\CortexM0p\ARM_GCC_541\Debug/CyDMA.lst -g -D DEBUG -D CY_CORE_ID=0 -Wall -ffunction-sections -ffat-lto-objects -Og -c Generated_Source\PSoC4\CyDMA.c -o .\CortexM0p\ARM_GCC_541\Debug\CyDMA.o
arm-none-eabi-gcc.exe -mcpu=cortex-m0plus -mthumb -I. -IGenerated_Source\PSoC4 -Wa,-alh=.\CortexM0p\ARM_GCC_541\Debug/CyLFClk.lst -g -D DEBUG -D CY_CORE_ID=0 -Wall -ffunction-sections -ffat-lto-objects -Og -c Generated_Source\PSoC4\CyLFClk.c -o .\CortexM0p\ARM_GCC_541\Debug\CyLFClk.o
arm-none-eabi-gcc.exe -mcpu=cortex-m0plus -mthumb -I. -IGenerated_Source\PSoC4 -Wa,-alh=.\CortexM0p\ARM_GCC_541\Debug/CapSense_Control.lst -g -D DEBUG -D CY_CORE_ID=0 -Wall -ffunction-sections -ffat-lto-objects -Og -c Generated_Source\PSoC4\CapSense_Control.c -o .\CortexM0p\ARM_GCC_541\Debug\CapSense_Control.o
arm-none-eabi-gcc.exe -mcpu=cortex-m0plus -mthumb -I. -IGenerated_Source\PSoC4 -Wa,-alh=.\CortexM0p\ARM_GCC_541\Debug/CapSense_Processing.lst -g -D DEBUG -D CY_CORE_ID=0 -Wall -ffunction-sections -ffat-lto-objects -Og -c Generated_Source\PSoC4\CapSense_Processing.c -o .\CortexM0p\ARM_GCC_541\Debug\CapSense_Processing.o
arm-none-eabi-gcc.exe -mcpu=cortex-m0plus -mthumb -I. -IGenerated_Source\PSoC4 -Wa,-alh=.\CortexM0p\ARM_GCC_541\Debug/CapSense_Structure.lst -g -D DEBUG -D CY_CORE_ID=0 -Wall -ffunction-sections -ffat-lto-objects -Og -c Generated_Source\PSoC4\CapSense_Structure.c -o .\CortexM0p\ARM_GCC_541\Debug\CapSense_Structure.o
arm-none-eabi-gcc.exe -mcpu=cortex-m0plus -mthumb -I. -IGenerated_Source\PSoC4 -Wa,-alh=.\CortexM0p\ARM_GCC_541\Debug/CapSense_Tuner.lst -g -D DEBUG -D CY_CORE_ID=0 -Wall -ffunction-sections -ffat-lto-objects -Og -c Generated_Source\PSoC4\CapSense_Tuner.c -o .\CortexM0p\ARM_GCC_541\Debug\CapSense_Tuner.o
arm-none-eabi-gcc.exe -mcpu=cortex-m0plus -mthumb -I. -IGenerated_Source\PSoC4 -Wa,-alh=.\CortexM0p\ARM_GCC_541\Debug/CapSense_Filter.lst -g -D DEBUG -D CY_CORE_ID=0 -Wall -ffunction-sections -ffat-lto-objects -Og -c Generated_Source\PSoC4\CapSense_Filter.c -o .\CortexM0p\ARM_GCC_541\Debug\CapSense_Filter.o
arm-none-eabi-gcc.exe -mcpu=cortex-m0plus -mthumb -I. -IGenerated_Source\PSoC4 -Wa,-alh=.\CortexM0p\ARM_GCC_541\Debug/CapSense_Sensing.lst -g -D DEBUG -D CY_CORE_ID=0 -Wall -ffunction-sections -ffat-lto-objects -Og -c Generated_Source\PSoC4\CapSense_Sensing.c -o .\CortexM0p\ARM_GCC_541\Debug\CapSense_Sensing.o
arm-none-eabi-gcc.exe -mcpu=cortex-m0plus -mthumb -I. -IGenerated_Source\PSoC4 -Wa,-alh=.\CortexM0p\ARM_GCC_541\Debug/CapSense_INT.lst -g -D DEBUG -D CY_CORE_ID=0 -Wall -ffunction-sections -ffat-lto-objects -Og -c Generated_Source\PSoC4\CapSense_INT.c -o .\CortexM0p\ARM_GCC_541\Debug\CapSense_INT.o
arm-none-eabi-gcc.exe -mcpu=cortex-m0plus -mthumb -I. -IGenerated_Source\PSoC4 -Wa,-alh=.\CortexM0p\ARM_GCC_541\Debug/CapSense_SensingCSD_LL.lst -g -D DEBUG -D CY_CORE_ID=0 -Wall -ffunction-sections -ffat-lto-objects -Og -c Generated_Source\PSoC4\CapSense_SensingCSD_LL.c -o .\CortexM0p\ARM_GCC_541\Debug\CapSense_SensingCSD_LL.o
arm-none-eabi-gcc.exe -mcpu=cortex-m0plus -mthumb -I. -IGenerated_Source\PSoC4 -Wa,-alh=.\CortexM0p\ARM_GCC_541\Debug/CapSense_SelfTest.lst -g -D DEBUG -D CY_CORE_ID=0 -Wall -ffunction-sections -ffat-lto-objects -Og -c Generated_Source\PSoC4\CapSense_SelfTest.c -o .\CortexM0p\ARM_GCC_541\Debug\CapSense_SelfTest.o
arm-none-eabi-gcc.exe -mcpu=cortex-m0plus -mthumb -I. -IGenerated_Source\PSoC4 -Wa,-alh=.\CortexM0p\ARM_GCC_541\Debug/CapSense_ISR.lst -g -D DEBUG -D CY_CORE_ID=0 -Wall -ffunction-sections -ffat-lto-objects -Og -c Generated_Source\PSoC4\CapSense_ISR.c -o .\CortexM0p\ARM_GCC_541\Debug\CapSense_ISR.o
arm-none-eabi-gcc.exe -mcpu=cortex-m0plus -mthumb -I. -IGenerated_Source\PSoC4 -Wa,-alh=.\CortexM0p\ARM_GCC_541\Debug/PWM_Volume.lst -g -D DEBUG -D CY_CORE_ID=0 -Wall -ffunction-sections -ffat-lto-objects -Og -c Generated_Source\PSoC4\PWM_Volume.c -o .\CortexM0p\ARM_GCC_541\Debug\PWM_Volume.o
arm-none-eabi-gcc.exe -mcpu=cortex-m0plus -mthumb -I. -IGenerated_Source\PSoC4 -Wa,-alh=.\CortexM0p\ARM_GCC_541\Debug/PWM_Volume_PM.lst -g -D DEBUG -D CY_CORE_ID=0 -Wall -ffunction-sections -ffat-lto-objects -Og -c Generated_Source\PSoC4\PWM_Volume_PM.c -o .\CortexM0p\ARM_GCC_541\Debug\PWM_Volume_PM.o
arm-none-eabi-gcc.exe -mcpu=cortex-m0plus -mthumb -I. -IGenerated_Source\PSoC4 -Wa,-alh=.\CortexM0p\ARM_GCC_541\Debug/Clock_1.lst -g -D DEBUG -D CY_CORE_ID=0 -Wall -ffunction-sections -ffat-lto-objects -Og -c Generated_Source\PSoC4\Clock_1.c -o .\CortexM0p\ARM_GCC_541\Debug\Clock_1.o
arm-none-eabi-gcc.exe -mcpu=cortex-m0plus -mthumb -I. -IGenerated_Source\PSoC4 -Wa,-alh=.\CortexM0p\ARM_GCC_541\Debug/isr_TimeOut.lst -g -D DEBUG -D CY_CORE_ID=0 -Wall -ffunction-sections -ffat-lto-objects -Og -c Generated_Source\PSoC4\isr_TimeOut.c -o .\CortexM0p\ARM_GCC_541\Debug\isr_TimeOut.o
arm-none-eabi-gcc.exe -mcpu=cortex-m0plus -mthumb -I. -IGenerated_Source\PSoC4 -Wa,-alh=.\CortexM0p\ARM_GCC_541\Debug/TimeOut.lst -g -D DEBUG -D CY_CORE_ID=0 -Wall -ffunction-sections -ffat-lto-objects -Og -c Generated_Source\PSoC4\TimeOut.c -o .\CortexM0p\ARM_GCC_541\Debug\TimeOut.o
arm-none-eabi-gcc.exe -mcpu=cortex-m0plus -mthumb -I. -IGenerated_Source\PSoC4 -Wa,-alh=.\CortexM0p\ARM_GCC_541\Debug/TimeOut_PM.lst -g -D DEBUG -D CY_CORE_ID=0 -Wall -ffunction-sections -ffat-lto-objects -Og -c Generated_Source\PSoC4\TimeOut_PM.c -o .\CortexM0p\ARM_GCC_541\Debug\TimeOut_PM.o
arm-none-eabi-gcc.exe -mcpu=cortex-m0plus -mthumb -I. -IGenerated_Source\PSoC4 -Wa,-alh=.\CortexM0p\ARM_GCC_541\Debug/Buzzer_Freq.lst -g -D DEBUG -D CY_CORE_ID=0 -Wall -ffunction-sections -ffat-lto-objects -Og -c Generated_Source\PSoC4\Buzzer_Freq.c -o .\CortexM0p\ARM_GCC_541\Debug\Buzzer_Freq.o
arm-none-eabi-gcc.exe -mcpu=cortex-m0plus -mthumb -I. -IGenerated_Source\PSoC4 -Wa,-alh=.\CortexM0p\ARM_GCC_541\Debug/Buzzer_Freq_PM.lst -g -D DEBUG -D CY_CORE_ID=0 -Wall -ffunction-sections -ffat-lto-objects -Og -c Generated_Source\PSoC4\Buzzer_Freq_PM.c -o .\CortexM0p\ARM_GCC_541\Debug\Buzzer_Freq_PM.o
arm-none-eabi-gcc.exe -mcpu=cortex-m0plus -mthumb -I. -IGenerated_Source\PSoC4 -Wa,-alh=.\CortexM0p\ARM_GCC_541\Debug/PWM_Freq.lst -g -D DEBUG -D CY_CORE_ID=0 -Wall -ffunction-sections -ffat-lto-objects -Og -c Generated_Source\PSoC4\PWM_Freq.c -o .\CortexM0p\ARM_GCC_541\Debug\PWM_Freq.o
arm-none-eabi-gcc.exe -mcpu=cortex-m0plus -mthumb -I. -IGenerated_Source\PSoC4 -Wa,-alh=.\CortexM0p\ARM_GCC_541\Debug/PWM_Freq_PM.lst -g -D DEBUG -D CY_CORE_ID=0 -Wall -ffunction-sections -ffat-lto-objects -Og -c Generated_Source\PSoC4\PWM_Freq_PM.c -o .\CortexM0p\ARM_GCC_541\Debug\PWM_Freq_PM.o
arm-none-eabi-gcc.exe -mcpu=cortex-m0plus -mthumb -I. -IGenerated_Source\PSoC4 -Wa,-alh=.\CortexM0p\ARM_GCC_541\Debug/Buzzer_Vol.lst -g -D DEBUG -D CY_CORE_ID=0 -Wall -ffunction-sections -ffat-lto-objects -Og -c Generated_Source\PSoC4\Buzzer_Vol.c -o .\CortexM0p\ARM_GCC_541\Debug\Buzzer_Vol.o
arm-none-eabi-gcc.exe -mcpu=cortex-m0plus -mthumb -I. -IGenerated_Source\PSoC4 -Wa,-alh=.\CortexM0p\ARM_GCC_541\Debug/Buzzer_Vol_PM.lst -g -D DEBUG -D CY_CORE_ID=0 -Wall -ffunction-sections -ffat-lto-objects -Og -c Generated_Source\PSoC4\Buzzer_Vol_PM.c -o .\CortexM0p\ARM_GCC_541\Debug\Buzzer_Vol_PM.o
arm-none-eabi-gcc.exe -mcpu=cortex-m0plus -mthumb -I. -IGenerated_Source\PSoC4 -Wa,-alh=.\CortexM0p\ARM_GCC_541\Debug/MatrixTimer.lst -g -D DEBUG -D CY_CORE_ID=0 -Wall -ffunction-sections -ffat-lto-objects -Og -c Generated_Source\PSoC4\MatrixTimer.c -o .\CortexM0p\ARM_GCC_541\Debug\MatrixTimer.o
arm-none-eabi-gcc.exe -mcpu=cortex-m0plus -mthumb -I. -IGenerated_Source\PSoC4 -Wa,-alh=.\CortexM0p\ARM_GCC_541\Debug/MatrixTimer_PM.lst -g -D DEBUG -D CY_CORE_ID=0 -Wall -ffunction-sections -ffat-lto-objects -Og -c Generated_Source\PSoC4\MatrixTimer_PM.c -o .\CortexM0p\ARM_GCC_541\Debug\MatrixTimer_PM.o
arm-none-eabi-gcc.exe -mcpu=cortex-m0plus -mthumb -I. -IGenerated_Source\PSoC4 -Wa,-alh=.\CortexM0p\ARM_GCC_541\Debug/isr_MatrixTimer.lst -g -D DEBUG -D CY_CORE_ID=0 -Wall -ffunction-sections -ffat-lto-objects -Og -c Generated_Source\PSoC4\isr_MatrixTimer.c -o .\CortexM0p\ARM_GCC_541\Debug\isr_MatrixTimer.o
arm-none-eabi-gcc.exe -mcpu=cortex-m0plus -mthumb -I. -IGenerated_Source\PSoC4 -Wa,-alh=.\CortexM0p\ARM_GCC_541\Debug/SPI.lst -g -D DEBUG -D CY_CORE_ID=0 -Wall -ffunction-sections -ffat-lto-objects -Og -c Generated_Source\PSoC4\SPI.c -o .\CortexM0p\ARM_GCC_541\Debug\SPI.o
arm-none-eabi-gcc.exe -mcpu=cortex-m0plus -mthumb -I. -IGenerated_Source\PSoC4 -Wa,-alh=.\CortexM0p\ARM_GCC_541\Debug/SPI_SPI_UART.lst -g -D DEBUG -D CY_CORE_ID=0 -Wall -ffunction-sections -ffat-lto-objects -Og -c Generated_Source\PSoC4\SPI_SPI_UART.c -o .\CortexM0p\ARM_GCC_541\Debug\SPI_SPI_UART.o
arm-none-eabi-gcc.exe -mcpu=cortex-m0plus -mthumb -I. -IGenerated_Source\PSoC4 -Wa,-alh=.\CortexM0p\ARM_GCC_541\Debug/SPI_PM.lst -g -D DEBUG -D CY_CORE_ID=0 -Wall -ffunction-sections -ffat-lto-objects -Og -c Generated_Source\PSoC4\SPI_PM.c -o .\CortexM0p\ARM_GCC_541\Debug\SPI_PM.o
arm-none-eabi-gcc.exe -mcpu=cortex-m0plus -mthumb -I. -IGenerated_Source\PSoC4 -Wa,-alh=.\CortexM0p\ARM_GCC_541\Debug/SPI_SPI.lst -g -D DEBUG -D CY_CORE_ID=0 -Wall -ffunction-sections -ffat-lto-objects -Og -c Generated_Source\PSoC4\SPI_SPI.c -o .\CortexM0p\ARM_GCC_541\Debug\SPI_SPI.o
arm-none-eabi-gcc.exe -mcpu=cortex-m0plus -mthumb -I. -IGenerated_Source\PSoC4 -Wa,-alh=.\CortexM0p\ARM_GCC_541\Debug/SPI_BOOT.lst -g -D DEBUG -D CY_CORE_ID=0 -Wall -ffunction-sections -ffat-lto-objects -Og -c Generated_Source\PSoC4\SPI_BOOT.c -o .\CortexM0p\ARM_GCC_541\Debug\SPI_BOOT.o
arm-none-eabi-gcc.exe -mcpu=cortex-m0plus -mthumb -I. -IGenerated_Source\PSoC4 -Wa,-alh=.\CortexM0p\ARM_GCC_541\Debug/SPI_SPI_BOOT.lst -g -D DEBUG -D CY_CORE_ID=0 -Wall -ffunction-sections -ffat-lto-objects -Og -c Generated_Source\PSoC4\SPI_SPI_BOOT.c -o .\CortexM0p\ARM_GCC_541\Debug\SPI_SPI_BOOT.o
arm-none-eabi-gcc.exe -mcpu=cortex-m0plus -mthumb -I. -IGenerated_Source\PSoC4 -Wa,-alh=.\CortexM0p\ARM_GCC_541\Debug/SPI_SCBCLK.lst -g -D DEBUG -D CY_CORE_ID=0 -Wall -ffunction-sections -ffat-lto-objects -Og -c Generated_Source\PSoC4\SPI_SCBCLK.c -o .\CortexM0p\ARM_GCC_541\Debug\SPI_SCBCLK.o
arm-none-eabi-gcc.exe -mcpu=cortex-m0plus -mthumb -I. -IGenerated_Source\PSoC4 -Wa,-alh=.\CortexM0p\ARM_GCC_541\Debug/SPI_sclk_m.lst -g -D DEBUG -D CY_CORE_ID=0 -Wall -ffunction-sections -ffat-lto-objects -Og -c Generated_Source\PSoC4\SPI_sclk_m.c -o .\CortexM0p\ARM_GCC_541\Debug\SPI_sclk_m.o
arm-none-eabi-gcc.exe -mcpu=cortex-m0plus -mthumb -I. -IGenerated_Source\PSoC4 -Wa,-alh=.\CortexM0p\ARM_GCC_541\Debug/SPI_sclk_m_PM.lst -g -D DEBUG -D CY_CORE_ID=0 -Wall -ffunction-sections -ffat-lto-objects -Og -c Generated_Source\PSoC4\SPI_sclk_m_PM.c -o .\CortexM0p\ARM_GCC_541\Debug\SPI_sclk_m_PM.o
arm-none-eabi-gcc.exe -mcpu=cortex-m0plus -mthumb -I. -IGenerated_Source\PSoC4 -Wa,-alh=.\CortexM0p\ARM_GCC_541\Debug/SPI_mosi_m.lst -g -D DEBUG -D CY_CORE_ID=0 -Wall -ffunction-sections -ffat-lto-objects -Og -c Generated_Source\PSoC4\SPI_mosi_m.c -o .\CortexM0p\ARM_GCC_541\Debug\SPI_mosi_m.o
arm-none-eabi-gcc.exe -mcpu=cortex-m0plus -mthumb -I. -IGenerated_Source\PSoC4 -Wa,-alh=.\CortexM0p\ARM_GCC_541\Debug/SPI_mosi_m_PM.lst -g -D DEBUG -D CY_CORE_ID=0 -Wall -ffunction-sections -ffat-lto-objects -Og -c Generated_Source\PSoC4\SPI_mosi_m_PM.c -o .\CortexM0p\ARM_GCC_541\Debug\SPI_mosi_m_PM.o
arm-none-eabi-gcc.exe -mcpu=cortex-m0plus -mthumb -I. -IGenerated_Source\PSoC4 -Wa,-alh=.\CortexM0p\ARM_GCC_541\Debug/SPI_ss0_m.lst -g -D DEBUG -D CY_CORE_ID=0 -Wall -ffunction-sections -ffat-lto-objects -Og -c Generated_Source\PSoC4\SPI_ss0_m.c -o .\CortexM0p\ARM_GCC_541\Debug\SPI_ss0_m.o
arm-none-eabi-gcc.exe -mcpu=cortex-m0plus -mthumb -I. -IGenerated_Source\PSoC4 -Wa,-alh=.\CortexM0p\ARM_GCC_541\Debug/SPI_ss0_m_PM.lst -g -D DEBUG -D CY_CORE_ID=0 -Wall -ffunction-sections -ffat-lto-objects -Og -c Generated_Source\PSoC4\SPI_ss0_m_PM.c -o .\CortexM0p\ARM_GCC_541\Debug\SPI_ss0_m_PM.o
arm-none-eabi-gcc.exe -mcpu=cortex-m0plus -mthumb -I. -IGenerated_Source\PSoC4 -Wa,-alh=.\CortexM0p\ARM_GCC_541\Debug/SPI_OE.lst -g -D DEBUG -D CY_CORE_ID=0 -Wall -ffunction-sections -ffat-lto-objects -Og -c Generated_Source\PSoC4\SPI_OE.c -o .\CortexM0p\ARM_GCC_541\Debug\SPI_OE.o
arm-none-eabi-gcc.exe -mcpu=cortex-m0plus -mthumb -I. -IGenerated_Source\PSoC4 -Wa,-alh=.\CortexM0p\ARM_GCC_541\Debug/SPI_OE_PM.lst -g -D DEBUG -D CY_CORE_ID=0 -Wall -ffunction-sections -ffat-lto-objects -Og -c Generated_Source\PSoC4\SPI_OE_PM.c -o .\CortexM0p\ARM_GCC_541\Debug\SPI_OE_PM.o
arm-none-eabi-gcc.exe -mcpu=cortex-m0plus -mthumb -I. -IGenerated_Source\PSoC4 -Wa,-alh=.\CortexM0p\ARM_GCC_541\Debug/isr_SPI_Done.lst -g -D DEBUG -D CY_CORE_ID=0 -Wall -ffunction-sections -ffat-lto-objects -Og -c Generated_Source\PSoC4\isr_SPI_Done.c -o .\CortexM0p\ARM_GCC_541\Debug\isr_SPI_Done.o
arm-none-eabi-as.exe -mcpu=cortex-m0plus -mthumb -I. -IGenerated_Source\PSoC4 -alh=.\CortexM0p\ARM_GCC_541\Debug/CyBootAsmGnu.lst -g -W -o .\CortexM0p\ARM_GCC_541\Debug\CyBootAsmGnu.o Generated_Source\PSoC4\CyBootAsmGnu.s
arm-none-eabi-ar.exe -rs .\CortexM0p\ARM_GCC_541\Debug\NGFLUI_Vikram.a .\CortexM0p\ARM_GCC_541\Debug\EZI2C.o .\CortexM0p\ARM_GCC_541\Debug\EZI2C_PM.o .\CortexM0p\ARM_GCC_541\Debug\EZI2C_BOOT.o .\CortexM0p\ARM_GCC_541\Debug\EZI2C_EZI2C.o .\CortexM0p\ARM_GCC_541\Debug\EZI2C_EZI2C_INT.o .\CortexM0p\ARM_GCC_541\Debug\EZI2C_EZI2C_BOOT.o .\CortexM0p\ARM_GCC_541\Debug\HB_LED.o .\CortexM0p\ARM_GCC_541\Debug\HB_LED_PM.o .\CortexM0p\ARM_GCC_541\Debug\EZI2C_SCBCLK.o .\CortexM0p\ARM_GCC_541\Debug\EZI2C_sda.o .\CortexM0p\ARM_GCC_541\Debug\EZI2C_sda_PM.o .\CortexM0p\ARM_GCC_541\Debug\EZI2C_scl.o .\CortexM0p\ARM_GCC_541\Debug\EZI2C_scl_PM.o .\CortexM0p\ARM_GCC_541\Debug\EZI2C_SCB_IRQ.o .\CortexM0p\ARM_GCC_541\Debug\cy_em_eeprom.o .\CortexM0p\ARM_GCC_541\Debug\CyFlash.o .\CortexM0p\ARM_GCC_541\Debug\CyLib.o .\CortexM0p\ARM_GCC_541\Debug\cyPm.o .\CortexM0p\ARM_GCC_541\Debug\cyutils.o .\CortexM0p\ARM_GCC_541\Debug\CyDMA.o .\CortexM0p\ARM_GCC_541\Debug\CyLFClk.o .\CortexM0p\ARM_GCC_541\Debug\CapSense_Control.o .\CortexM0p\ARM_GCC_541\Debug\CapSense_Processing.o .\CortexM0p\ARM_GCC_541\Debug\CapSense_Structure.o .\CortexM0p\ARM_GCC_541\Debug\CapSense_Tuner.o .\CortexM0p\ARM_GCC_541\Debug\CapSense_Filter.o .\CortexM0p\ARM_GCC_541\Debug\CapSense_Sensing.o .\CortexM0p\ARM_GCC_541\Debug\CapSense_INT.o .\CortexM0p\ARM_GCC_541\Debug\CapSense_SensingCSD_LL.o .\CortexM0p\ARM_GCC_541\Debug\CapSense_SelfTest.o .\CortexM0p\ARM_GCC_541\Debug\CapSense_ISR.o .\CortexM0p\ARM_GCC_541\Debug\PWM_Volume.o .\CortexM0p\ARM_GCC_541\Debug\PWM_Volume_PM.o .\CortexM0p\ARM_GCC_541\Debug\Clock_1.o .\CortexM0p\ARM_GCC_541\Debug\isr_TimeOut.o .\CortexM0p\ARM_GCC_541\Debug\TimeOut.o .\CortexM0p\ARM_GCC_541\Debug\TimeOut_PM.o .\CortexM0p\ARM_GCC_541\Debug\Buzzer_Freq.o .\CortexM0p\ARM_GCC_541\Debug\Buzzer_Freq_PM.o .\CortexM0p\ARM_GCC_541\Debug\PWM_Freq.o .\CortexM0p\ARM_GCC_541\Debug\PWM_Freq_PM.o .\CortexM0p\ARM_GCC_541\Debug\Buzzer_Vol.o .\CortexM0p\ARM_GCC_541\Debug\Buzzer_Vol_PM.o .\CortexM0p\ARM_GCC_541\Debug\MatrixTimer.o .\CortexM0p\ARM_GCC_541\Debug\MatrixTimer_PM.o .\CortexM0p\ARM_GCC_541\Debug\isr_MatrixTimer.o .\CortexM0p\ARM_GCC_541\Debug\SPI.o .\CortexM0p\ARM_GCC_541\Debug\SPI_SPI_UART.o .\CortexM0p\ARM_GCC_541\Debug\SPI_PM.o .\CortexM0p\ARM_GCC_541\Debug\SPI_SPI.o .\CortexM0p\ARM_GCC_541\Debug\SPI_BOOT.o .\CortexM0p\ARM_GCC_541\Debug\SPI_SPI_BOOT.o .\CortexM0p\ARM_GCC_541\Debug\SPI_SCBCLK.o .\CortexM0p\ARM_GCC_541\Debug\SPI_sclk_m.o .\CortexM0p\ARM_GCC_541\Debug\SPI_sclk_m_PM.o .\CortexM0p\ARM_GCC_541\Debug\SPI_mosi_m.o .\CortexM0p\ARM_GCC_541\Debug\SPI_mosi_m_PM.o .\CortexM0p\ARM_GCC_541\Debug\SPI_ss0_m.o .\CortexM0p\ARM_GCC_541\Debug\SPI_ss0_m_PM.o .\CortexM0p\ARM_GCC_541\Debug\SPI_OE.o .\CortexM0p\ARM_GCC_541\Debug\SPI_OE_PM.o .\CortexM0p\ARM_GCC_541\Debug\isr_SPI_Done.o .\CortexM0p\ARM_GCC_541\Debug\CyBootAsmGnu.o
arm-none-eabi-ar.exe: creating .\CortexM0p\ARM_GCC_541\Debug\NGFLUI_Vikram.a
arm-none-eabi-gcc.exe -Wl,--start-group -o C:\GEA_Cypress_proj\NGFL\Tuning_SW\_old\NGFLUI.cywrk.Archive01\NGFLUI\NGFLUI_Vikram.cydsn\CortexM0p\ARM_GCC_541\Debug\NGFLUI_Vikram.elf .\CortexM0p\ARM_GCC_541\Debug\main.o .\CortexM0p\ARM_GCC_541\Debug\cyfitter_cfg.o .\CortexM0p\ARM_GCC_541\Debug\cymetadata.o .\CortexM0p\ARM_GCC_541\Debug\Cm0plusStart.o .\CortexM0p\ARM_GCC_541\Debug\NGFLUI_Vikram.a "C:\Users\220036621\Documents\PSoC Creator\4.2\Downloads ( 4.2).cylib\CapSense_P4_v6_0\PSoC4\Library\Capsense_P4Library_GCCp.a" -mcpu=cortex-m0plus -mthumb -L Generated_Source\PSoC4 -Wl,-Map,.\CortexM0p\ARM_GCC_541\Debug/NGFLUI_Vikram.map -T Generated_Source\PSoC4\cm0plusgcc.ld -specs=nano.specs -Wl,--gc-sections -g -ffunction-sections -Og -ffat-lto-objects -Wl,--end-group
.\CortexM0p\ARM_GCC_541\Debug\main.o: In function `main':
C:\GEA_Cypress_proj\NGFL\Tuning_SW\_old\NGFLUI.cywrk.Archive01\NGFLUI\NGFLUI_Vikram.cydsn/main.c:264: undefined reference to `UART_UartPutString'
C:\GEA_Cypress_proj\NGFL\Tuning_SW\_old\NGFLUI.cywrk.Archive01\NGFLUI\NGFLUI_Vikram.cydsn/main.c:320: undefined reference to `UART_UartPutString'
C:\GEA_Cypress_proj\NGFL\Tuning_SW\_old\NGFLUI.cywrk.Archive01\NGFLUI\NGFLUI_Vikram.cydsn/main.c:344: undefined reference to `UART_UartPutString'
collect2.exe: error: ld returned 1 exit status
The command 'arm-none-eabi-gcc.exe' failed with exit code '1'.
--------------- Rebuild Failed: 05/23/2019 10:29:01 ---------------
