ARM GAS  C:\Users\220036~1\AppData\Local\Temp\ccpBvFeQ.s 			page 1


   1              		.syntax unified
   2              		.cpu cortex-m0plus
   3              		.fpu softvfp
   4              		.eabi_attribute 20, 1
   5              		.eabi_attribute 21, 1
   6              		.eabi_attribute 23, 3
   7              		.eabi_attribute 24, 1
   8              		.eabi_attribute 25, 1
   9              		.eabi_attribute 26, 1
  10              		.eabi_attribute 30, 1
  11              		.eabi_attribute 34, 0
  12              		.eabi_attribute 18, 4
  13              		.thumb
  14              		.syntax unified
  15              		.file	"cyfitter_cfg.c"
  16              		.text
  17              	.Ltext0:
  18              		.cfi_sections	.debug_frame
  19              		.section	.text.AnalogSetDefault,"ax",%progbits
  20              		.align	2
  21              		.code	16
  22              		.thumb_func
  23              		.type	AnalogSetDefault, %function
  24              	AnalogSetDefault:
  25              	.LFB5:
  26              		.file 1 "Generated_Source\\PSoC4\\cyfitter_cfg.c"
   1:Generated_Source\PSoC4/cyfitter_cfg.c **** 
   2:Generated_Source\PSoC4/cyfitter_cfg.c **** /*******************************************************************************
   3:Generated_Source\PSoC4/cyfitter_cfg.c **** * File Name: cyfitter_cfg.c
   4:Generated_Source\PSoC4/cyfitter_cfg.c **** * 
   5:Generated_Source\PSoC4/cyfitter_cfg.c **** * PSoC Creator  4.2
   6:Generated_Source\PSoC4/cyfitter_cfg.c **** *
   7:Generated_Source\PSoC4/cyfitter_cfg.c **** * Description:
   8:Generated_Source\PSoC4/cyfitter_cfg.c **** * This file contains device initialization code.
   9:Generated_Source\PSoC4/cyfitter_cfg.c **** * Except for the user defined sections in CyClockStartupError(), this file should not be modified.
  10:Generated_Source\PSoC4/cyfitter_cfg.c **** * This file is automatically generated by PSoC Creator.
  11:Generated_Source\PSoC4/cyfitter_cfg.c **** *
  12:Generated_Source\PSoC4/cyfitter_cfg.c **** ********************************************************************************
  13:Generated_Source\PSoC4/cyfitter_cfg.c **** * Copyright (c) 2007-2018 Cypress Semiconductor.  All rights reserved.
  14:Generated_Source\PSoC4/cyfitter_cfg.c **** * You may use this file only in accordance with the license, terms, conditions, 
  15:Generated_Source\PSoC4/cyfitter_cfg.c **** * disclaimers, and limitations in the end user license agreement accompanying 
  16:Generated_Source\PSoC4/cyfitter_cfg.c **** * the software package with which this file was provided.
  17:Generated_Source\PSoC4/cyfitter_cfg.c **** ********************************************************************************/
  18:Generated_Source\PSoC4/cyfitter_cfg.c **** 
  19:Generated_Source\PSoC4/cyfitter_cfg.c **** #include <string.h>
  20:Generated_Source\PSoC4/cyfitter_cfg.c **** #include "cytypes.h"
  21:Generated_Source\PSoC4/cyfitter_cfg.c **** #include "cydevice_trm.h"
  22:Generated_Source\PSoC4/cyfitter_cfg.c **** #include "cyfitter.h"
  23:Generated_Source\PSoC4/cyfitter_cfg.c **** #include "CyLib.h"
  24:Generated_Source\PSoC4/cyfitter_cfg.c **** #include "cyfitter_cfg.h"
  25:Generated_Source\PSoC4/cyfitter_cfg.c **** #include "cyapicallbacks.h"
  26:Generated_Source\PSoC4/cyfitter_cfg.c **** 
  27:Generated_Source\PSoC4/cyfitter_cfg.c **** 
  28:Generated_Source\PSoC4/cyfitter_cfg.c **** #if defined(__GNUC__) || defined(__ARMCC_VERSION)
  29:Generated_Source\PSoC4/cyfitter_cfg.c ****     #define CYPACKED 
  30:Generated_Source\PSoC4/cyfitter_cfg.c ****     #define CYPACKED_ATTR __attribute__ ((packed))
  31:Generated_Source\PSoC4/cyfitter_cfg.c ****     #define CYALIGNED __attribute__ ((aligned))
ARM GAS  C:\Users\220036~1\AppData\Local\Temp\ccpBvFeQ.s 			page 2


  32:Generated_Source\PSoC4/cyfitter_cfg.c ****     #define CY_CFG_UNUSED __attribute__ ((unused))
  33:Generated_Source\PSoC4/cyfitter_cfg.c ****     #ifndef CY_CFG_SECTION
  34:Generated_Source\PSoC4/cyfitter_cfg.c ****         #define CY_CFG_SECTION __attribute__ ((section(".psocinit")))
  35:Generated_Source\PSoC4/cyfitter_cfg.c ****     #endif
  36:Generated_Source\PSoC4/cyfitter_cfg.c ****     
  37:Generated_Source\PSoC4/cyfitter_cfg.c ****     #if defined(__ARMCC_VERSION)
  38:Generated_Source\PSoC4/cyfitter_cfg.c ****         #define CY_CFG_MEMORY_BARRIER() __memory_changed()
  39:Generated_Source\PSoC4/cyfitter_cfg.c ****     #else
  40:Generated_Source\PSoC4/cyfitter_cfg.c ****         #define CY_CFG_MEMORY_BARRIER() __sync_synchronize()
  41:Generated_Source\PSoC4/cyfitter_cfg.c ****     #endif
  42:Generated_Source\PSoC4/cyfitter_cfg.c ****     
  43:Generated_Source\PSoC4/cyfitter_cfg.c **** #elif defined(__ICCARM__)
  44:Generated_Source\PSoC4/cyfitter_cfg.c ****     #include <intrinsics.h>
  45:Generated_Source\PSoC4/cyfitter_cfg.c **** 
  46:Generated_Source\PSoC4/cyfitter_cfg.c ****     #define CYPACKED __packed
  47:Generated_Source\PSoC4/cyfitter_cfg.c ****     #define CYPACKED_ATTR 
  48:Generated_Source\PSoC4/cyfitter_cfg.c ****     #define CYALIGNED _Pragma("data_alignment=4")
  49:Generated_Source\PSoC4/cyfitter_cfg.c ****     #define CY_CFG_UNUSED _Pragma("diag_suppress=Pe177")
  50:Generated_Source\PSoC4/cyfitter_cfg.c ****     #define CY_CFG_SECTION _Pragma("location=\".psocinit\"")
  51:Generated_Source\PSoC4/cyfitter_cfg.c ****     
  52:Generated_Source\PSoC4/cyfitter_cfg.c ****     #define CY_CFG_MEMORY_BARRIER() __DMB()
  53:Generated_Source\PSoC4/cyfitter_cfg.c ****     
  54:Generated_Source\PSoC4/cyfitter_cfg.c **** #else
  55:Generated_Source\PSoC4/cyfitter_cfg.c ****     #error Unsupported toolchain
  56:Generated_Source\PSoC4/cyfitter_cfg.c **** #endif
  57:Generated_Source\PSoC4/cyfitter_cfg.c **** 
  58:Generated_Source\PSoC4/cyfitter_cfg.c **** #ifndef CYCODE
  59:Generated_Source\PSoC4/cyfitter_cfg.c ****     #define CYCODE
  60:Generated_Source\PSoC4/cyfitter_cfg.c **** #endif
  61:Generated_Source\PSoC4/cyfitter_cfg.c **** #ifndef CYDATA
  62:Generated_Source\PSoC4/cyfitter_cfg.c ****     #define CYDATA
  63:Generated_Source\PSoC4/cyfitter_cfg.c **** #endif
  64:Generated_Source\PSoC4/cyfitter_cfg.c **** #ifndef CYFAR
  65:Generated_Source\PSoC4/cyfitter_cfg.c ****     #define CYFAR
  66:Generated_Source\PSoC4/cyfitter_cfg.c **** #endif
  67:Generated_Source\PSoC4/cyfitter_cfg.c **** #ifndef CYXDATA
  68:Generated_Source\PSoC4/cyfitter_cfg.c ****     #define CYXDATA
  69:Generated_Source\PSoC4/cyfitter_cfg.c **** #endif
  70:Generated_Source\PSoC4/cyfitter_cfg.c **** 
  71:Generated_Source\PSoC4/cyfitter_cfg.c **** 
  72:Generated_Source\PSoC4/cyfitter_cfg.c **** CY_CFG_UNUSED
  73:Generated_Source\PSoC4/cyfitter_cfg.c **** static void CYMEMZERO(void *s, size_t n);
  74:Generated_Source\PSoC4/cyfitter_cfg.c **** CY_CFG_UNUSED
  75:Generated_Source\PSoC4/cyfitter_cfg.c **** static void CYMEMZERO(void *s, size_t n)
  76:Generated_Source\PSoC4/cyfitter_cfg.c **** {
  77:Generated_Source\PSoC4/cyfitter_cfg.c **** 	(void)memset(s, 0, n);
  78:Generated_Source\PSoC4/cyfitter_cfg.c **** }
  79:Generated_Source\PSoC4/cyfitter_cfg.c **** CY_CFG_UNUSED
  80:Generated_Source\PSoC4/cyfitter_cfg.c **** static void CYCONFIGCPY(void *dest, const void *src, size_t n);
  81:Generated_Source\PSoC4/cyfitter_cfg.c **** CY_CFG_UNUSED
  82:Generated_Source\PSoC4/cyfitter_cfg.c **** static void CYCONFIGCPY(void *dest, const void *src, size_t n)
  83:Generated_Source\PSoC4/cyfitter_cfg.c **** {
  84:Generated_Source\PSoC4/cyfitter_cfg.c **** 	(void)memcpy(dest, src, n);
  85:Generated_Source\PSoC4/cyfitter_cfg.c **** }
  86:Generated_Source\PSoC4/cyfitter_cfg.c **** CY_CFG_UNUSED
  87:Generated_Source\PSoC4/cyfitter_cfg.c **** static void CYCONFIGCPYCODE(void *dest, const void *src, size_t n);
  88:Generated_Source\PSoC4/cyfitter_cfg.c **** CY_CFG_UNUSED
ARM GAS  C:\Users\220036~1\AppData\Local\Temp\ccpBvFeQ.s 			page 3


  89:Generated_Source\PSoC4/cyfitter_cfg.c **** static void CYCONFIGCPYCODE(void *dest, const void *src, size_t n)
  90:Generated_Source\PSoC4/cyfitter_cfg.c **** {
  91:Generated_Source\PSoC4/cyfitter_cfg.c **** 	(void)memcpy(dest, src, n);
  92:Generated_Source\PSoC4/cyfitter_cfg.c **** }
  93:Generated_Source\PSoC4/cyfitter_cfg.c **** 
  94:Generated_Source\PSoC4/cyfitter_cfg.c **** 
  95:Generated_Source\PSoC4/cyfitter_cfg.c **** 
  96:Generated_Source\PSoC4/cyfitter_cfg.c **** 
  97:Generated_Source\PSoC4/cyfitter_cfg.c **** /* Clock startup error codes                                                   */
  98:Generated_Source\PSoC4/cyfitter_cfg.c **** #define CYCLOCKSTART_NO_ERROR    0u
  99:Generated_Source\PSoC4/cyfitter_cfg.c **** #define CYCLOCKSTART_XTAL_ERROR  1u
 100:Generated_Source\PSoC4/cyfitter_cfg.c **** #define CYCLOCKSTART_32KHZ_ERROR 2u
 101:Generated_Source\PSoC4/cyfitter_cfg.c **** #define CYCLOCKSTART_PLL_ERROR   3u
 102:Generated_Source\PSoC4/cyfitter_cfg.c **** #define CYCLOCKSTART_FLL_ERROR   4u
 103:Generated_Source\PSoC4/cyfitter_cfg.c **** #define CYCLOCKSTART_WCO_ERROR   5u
 104:Generated_Source\PSoC4/cyfitter_cfg.c **** 
 105:Generated_Source\PSoC4/cyfitter_cfg.c **** 
 106:Generated_Source\PSoC4/cyfitter_cfg.c **** #ifdef CY_NEED_CYCLOCKSTARTUPERROR
 107:Generated_Source\PSoC4/cyfitter_cfg.c **** /*******************************************************************************
 108:Generated_Source\PSoC4/cyfitter_cfg.c **** * Function Name: CyClockStartupError
 109:Generated_Source\PSoC4/cyfitter_cfg.c **** ********************************************************************************
 110:Generated_Source\PSoC4/cyfitter_cfg.c **** * Summary:
 111:Generated_Source\PSoC4/cyfitter_cfg.c **** *  If an error is encountered during clock configuration (crystal startup error,
 112:Generated_Source\PSoC4/cyfitter_cfg.c **** *  PLL lock error, etc.), the system will end up here.  Unless reimplemented by
 113:Generated_Source\PSoC4/cyfitter_cfg.c **** *  the customer, this function will stop in an infinite loop.
 114:Generated_Source\PSoC4/cyfitter_cfg.c **** *
 115:Generated_Source\PSoC4/cyfitter_cfg.c **** * Parameters:
 116:Generated_Source\PSoC4/cyfitter_cfg.c **** *   void
 117:Generated_Source\PSoC4/cyfitter_cfg.c **** *
 118:Generated_Source\PSoC4/cyfitter_cfg.c **** * Return:
 119:Generated_Source\PSoC4/cyfitter_cfg.c **** *   void
 120:Generated_Source\PSoC4/cyfitter_cfg.c **** *
 121:Generated_Source\PSoC4/cyfitter_cfg.c **** *******************************************************************************/
 122:Generated_Source\PSoC4/cyfitter_cfg.c **** CY_CFG_UNUSED
 123:Generated_Source\PSoC4/cyfitter_cfg.c **** static void CyClockStartupError(uint8 errorCode);
 124:Generated_Source\PSoC4/cyfitter_cfg.c **** CY_CFG_UNUSED
 125:Generated_Source\PSoC4/cyfitter_cfg.c **** static void CyClockStartupError(uint8 errorCode)
 126:Generated_Source\PSoC4/cyfitter_cfg.c **** {
 127:Generated_Source\PSoC4/cyfitter_cfg.c ****     /* To remove the compiler warning if errorCode not used.                */
 128:Generated_Source\PSoC4/cyfitter_cfg.c ****     errorCode = errorCode;
 129:Generated_Source\PSoC4/cyfitter_cfg.c **** 
 130:Generated_Source\PSoC4/cyfitter_cfg.c ****     /* If we have a clock startup error (bad MHz crystal, PLL lock, etc.),  */
 131:Generated_Source\PSoC4/cyfitter_cfg.c ****     /* we will end up here to allow the customer to implement something to  */
 132:Generated_Source\PSoC4/cyfitter_cfg.c ****     /* deal with the clock condition.                                       */
 133:Generated_Source\PSoC4/cyfitter_cfg.c **** 
 134:Generated_Source\PSoC4/cyfitter_cfg.c **** #ifdef CY_CFG_CLOCK_STARTUP_ERROR_CALLBACK
 135:Generated_Source\PSoC4/cyfitter_cfg.c ****     CY_CFG_Clock_Startup_ErrorCallback();
 136:Generated_Source\PSoC4/cyfitter_cfg.c **** #else
 137:Generated_Source\PSoC4/cyfitter_cfg.c ****     /*  If not using CY_CFG_CLOCK_STARTUP_ERROR_CALLBACK, place your clock startup code here. */
 138:Generated_Source\PSoC4/cyfitter_cfg.c ****     /* `#START CyClockStartupError` */
 139:Generated_Source\PSoC4/cyfitter_cfg.c **** 
 140:Generated_Source\PSoC4/cyfitter_cfg.c **** 
 141:Generated_Source\PSoC4/cyfitter_cfg.c **** 
 142:Generated_Source\PSoC4/cyfitter_cfg.c ****     /* `#END` */
 143:Generated_Source\PSoC4/cyfitter_cfg.c **** 
 144:Generated_Source\PSoC4/cyfitter_cfg.c ****     while(1) {}
 145:Generated_Source\PSoC4/cyfitter_cfg.c **** #endif /* CY_CFG_CLOCK_STARTUP_ERROR_CALLBACK */
ARM GAS  C:\Users\220036~1\AppData\Local\Temp\ccpBvFeQ.s 			page 4


 146:Generated_Source\PSoC4/cyfitter_cfg.c **** }
 147:Generated_Source\PSoC4/cyfitter_cfg.c **** #endif
 148:Generated_Source\PSoC4/cyfitter_cfg.c **** 
 149:Generated_Source\PSoC4/cyfitter_cfg.c **** 
 150:Generated_Source\PSoC4/cyfitter_cfg.c **** 
 151:Generated_Source\PSoC4/cyfitter_cfg.c **** /*******************************************************************************
 152:Generated_Source\PSoC4/cyfitter_cfg.c **** * Function Name: ClockSetup
 153:Generated_Source\PSoC4/cyfitter_cfg.c **** ********************************************************************************
 154:Generated_Source\PSoC4/cyfitter_cfg.c **** *
 155:Generated_Source\PSoC4/cyfitter_cfg.c **** * Summary:
 156:Generated_Source\PSoC4/cyfitter_cfg.c **** *   Performs the initialization of all of the clocks in the device based on the
 157:Generated_Source\PSoC4/cyfitter_cfg.c **** *   settings in the Clock tab of the DWR.  This includes enabling the requested
 158:Generated_Source\PSoC4/cyfitter_cfg.c **** *   clocks and setting the necessary dividers to produce the desired frequency. 
 159:Generated_Source\PSoC4/cyfitter_cfg.c **** *
 160:Generated_Source\PSoC4/cyfitter_cfg.c **** * Parameters:
 161:Generated_Source\PSoC4/cyfitter_cfg.c **** *   void
 162:Generated_Source\PSoC4/cyfitter_cfg.c **** *
 163:Generated_Source\PSoC4/cyfitter_cfg.c **** * Return:
 164:Generated_Source\PSoC4/cyfitter_cfg.c **** *   void
 165:Generated_Source\PSoC4/cyfitter_cfg.c **** *
 166:Generated_Source\PSoC4/cyfitter_cfg.c **** *******************************************************************************/
 167:Generated_Source\PSoC4/cyfitter_cfg.c **** static void ClockSetup(void);
 168:Generated_Source\PSoC4/cyfitter_cfg.c **** CY_CFG_SECTION
 169:Generated_Source\PSoC4/cyfitter_cfg.c **** static void ClockSetup(void)
 170:Generated_Source\PSoC4/cyfitter_cfg.c **** {
 171:Generated_Source\PSoC4/cyfitter_cfg.c **** 
 172:Generated_Source\PSoC4/cyfitter_cfg.c **** 	/* Set Flash Cycles based on max possible frequency in case a glitch occurs during ClockSetup(). *
 173:Generated_Source\PSoC4/cyfitter_cfg.c **** 	CY_SET_REG32((void CYXDATA *)(CYREG_CPUSS_FLASH_CTL), (0x0012u));
 174:Generated_Source\PSoC4/cyfitter_cfg.c **** 	/* Update IMO to new clock speed. */
 175:Generated_Source\PSoC4/cyfitter_cfg.c **** 	CySysClkWriteImoFreq(24u);
 176:Generated_Source\PSoC4/cyfitter_cfg.c **** 
 177:Generated_Source\PSoC4/cyfitter_cfg.c **** 	/* Setup phase aligned clocks */
 178:Generated_Source\PSoC4/cyfitter_cfg.c **** 	CY_SET_REG32((void *)CYREG_PERI_DIV_16_CTL0, 0x0000FE00u);
 179:Generated_Source\PSoC4/cyfitter_cfg.c **** 	CY_SET_REG32((void *)CYREG_PERI_DIV_CMD, 0x8000FF40u);
 180:Generated_Source\PSoC4/cyfitter_cfg.c **** 	CY_SET_REG32((void *)CYREG_PERI_DIV_16_CTL1, 0x00000E00u);
 181:Generated_Source\PSoC4/cyfitter_cfg.c **** 	CY_SET_REG32((void *)CYREG_PERI_DIV_CMD, 0x8000FF41u);
 182:Generated_Source\PSoC4/cyfitter_cfg.c **** 
 183:Generated_Source\PSoC4/cyfitter_cfg.c **** 	/* CYDEV_CLK_SELECT Starting address: CYDEV_CLK_SELECT */
 184:Generated_Source\PSoC4/cyfitter_cfg.c **** 	CY_SET_REG32((void *)(CYREG_CLK_SELECT), 0x00000000u);
 185:Generated_Source\PSoC4/cyfitter_cfg.c **** 
 186:Generated_Source\PSoC4/cyfitter_cfg.c **** 	/* CYDEV_PERI_PCLK_CTL2 Starting address: CYDEV_PERI_PCLK_CTL2 */
 187:Generated_Source\PSoC4/cyfitter_cfg.c **** 	CY_SET_REG32((void *)(CYREG_PERI_PCLK_CTL2), 0x00000040u);
 188:Generated_Source\PSoC4/cyfitter_cfg.c **** 
 189:Generated_Source\PSoC4/cyfitter_cfg.c **** 	/* CYDEV_PERI_PCLK_CTL0 Starting address: CYDEV_PERI_PCLK_CTL0 */
 190:Generated_Source\PSoC4/cyfitter_cfg.c **** 	CY_SET_REG32((void *)(CYREG_PERI_PCLK_CTL0), 0x00000041u);
 191:Generated_Source\PSoC4/cyfitter_cfg.c **** 
 192:Generated_Source\PSoC4/cyfitter_cfg.c **** 	/* Set Flash Cycles based on newly configured 24.00MHz HFCLK. */
 193:Generated_Source\PSoC4/cyfitter_cfg.c **** 	CY_SET_REG32((void CYXDATA *)(CYREG_CPUSS_FLASH_CTL), (0x0011u));
 194:Generated_Source\PSoC4/cyfitter_cfg.c **** }
 195:Generated_Source\PSoC4/cyfitter_cfg.c **** 
 196:Generated_Source\PSoC4/cyfitter_cfg.c **** 
 197:Generated_Source\PSoC4/cyfitter_cfg.c **** /* Analog API Functions */
 198:Generated_Source\PSoC4/cyfitter_cfg.c **** 
 199:Generated_Source\PSoC4/cyfitter_cfg.c **** 
 200:Generated_Source\PSoC4/cyfitter_cfg.c **** /*******************************************************************************
 201:Generated_Source\PSoC4/cyfitter_cfg.c **** * Function Name: AnalogSetDefault
 202:Generated_Source\PSoC4/cyfitter_cfg.c **** ********************************************************************************
ARM GAS  C:\Users\220036~1\AppData\Local\Temp\ccpBvFeQ.s 			page 5


 203:Generated_Source\PSoC4/cyfitter_cfg.c **** *
 204:Generated_Source\PSoC4/cyfitter_cfg.c **** * Summary:
 205:Generated_Source\PSoC4/cyfitter_cfg.c **** *  Sets up the analog portions of the chip to default values based on chip
 206:Generated_Source\PSoC4/cyfitter_cfg.c **** *  configuration options from the project.
 207:Generated_Source\PSoC4/cyfitter_cfg.c **** *
 208:Generated_Source\PSoC4/cyfitter_cfg.c **** * Parameters:
 209:Generated_Source\PSoC4/cyfitter_cfg.c **** *  void
 210:Generated_Source\PSoC4/cyfitter_cfg.c **** *
 211:Generated_Source\PSoC4/cyfitter_cfg.c **** * Return:
 212:Generated_Source\PSoC4/cyfitter_cfg.c **** *  void
 213:Generated_Source\PSoC4/cyfitter_cfg.c **** *
 214:Generated_Source\PSoC4/cyfitter_cfg.c **** *******************************************************************************/
 215:Generated_Source\PSoC4/cyfitter_cfg.c **** static void AnalogSetDefault(void);
 216:Generated_Source\PSoC4/cyfitter_cfg.c **** static void AnalogSetDefault(void)
 217:Generated_Source\PSoC4/cyfitter_cfg.c **** {
  27              		.loc 1 217 0
  28              		.cfi_startproc
  29              		@ args = 0, pretend = 0, frame = 0
  30              		@ frame_needed = 0, uses_anonymous_args = 0
  31              		@ link register save eliminated.
 218:Generated_Source\PSoC4/cyfitter_cfg.c **** 	CY_SET_XTND_REG32((void CYFAR *)CYREG_CSD_SW_DSI_SEL, 0x00000011u);
  32              		.loc 1 218 0
  33 0000 1122     		movs	r2, #17
  34 0002 014B     		ldr	r3, .L2
  35 0004 1A60     		str	r2, [r3]
 219:Generated_Source\PSoC4/cyfitter_cfg.c **** 	/* Variable VDDA is selected; no pumps are enabled by default */
 220:Generated_Source\PSoC4/cyfitter_cfg.c **** }
  36              		.loc 1 220 0
  37              		@ sp needed
  38 0006 7047     		bx	lr
  39              	.L3:
  40              		.align	2
  41              	.L2:
  42 0008 C0020B40 		.word	1074463424
  43              		.cfi_endproc
  44              	.LFE5:
  45              		.size	AnalogSetDefault, .-AnalogSetDefault
  46              		.section	.psocinit,"ax",%progbits
  47              		.align	2
  48              		.code	16
  49              		.thumb_func
  50              		.type	ClockSetup, %function
  51              	ClockSetup:
  52              	.LFB4:
 170:Generated_Source\PSoC4/cyfitter_cfg.c **** 
  53              		.loc 1 170 0
  54              		.cfi_startproc
  55              		@ args = 0, pretend = 0, frame = 0
  56              		@ frame_needed = 0, uses_anonymous_args = 0
  57 0000 10B5     		push	{r4, lr}
  58              		.cfi_def_cfa_offset 8
  59              		.cfi_offset 4, -8
  60              		.cfi_offset 14, -4
 173:Generated_Source\PSoC4/cyfitter_cfg.c **** 	/* Update IMO to new clock speed. */
  61              		.loc 1 173 0
  62 0002 0F4C     		ldr	r4, .L5
  63 0004 1223     		movs	r3, #18
ARM GAS  C:\Users\220036~1\AppData\Local\Temp\ccpBvFeQ.s 			page 6


  64 0006 2360     		str	r3, [r4]
 175:Generated_Source\PSoC4/cyfitter_cfg.c **** 
  65              		.loc 1 175 0
  66 0008 1820     		movs	r0, #24
  67 000a FFF7FEFF 		bl	CySysClkWriteImoFreq
  68              	.LVL0:
 178:Generated_Source\PSoC4/cyfitter_cfg.c **** 	CY_SET_REG32((void *)CYREG_PERI_DIV_CMD, 0x8000FF40u);
  69              		.loc 1 178 0
  70 000e FE22     		movs	r2, #254
  71 0010 1202     		lsls	r2, r2, #8
  72 0012 0C4B     		ldr	r3, .L5+4
  73 0014 1A60     		str	r2, [r3]
 179:Generated_Source\PSoC4/cyfitter_cfg.c **** 	CY_SET_REG32((void *)CYREG_PERI_DIV_16_CTL1, 0x00000E00u);
  74              		.loc 1 179 0
  75 0016 0C4B     		ldr	r3, .L5+8
  76 0018 0C4A     		ldr	r2, .L5+12
  77 001a 1A60     		str	r2, [r3]
 180:Generated_Source\PSoC4/cyfitter_cfg.c **** 	CY_SET_REG32((void *)CYREG_PERI_DIV_CMD, 0x8000FF41u);
  78              		.loc 1 180 0
  79 001c E021     		movs	r1, #224
  80 001e 0901     		lsls	r1, r1, #4
  81 0020 0B4A     		ldr	r2, .L5+16
  82 0022 1160     		str	r1, [r2]
 181:Generated_Source\PSoC4/cyfitter_cfg.c **** 
  83              		.loc 1 181 0
  84 0024 0B4A     		ldr	r2, .L5+20
  85 0026 1A60     		str	r2, [r3]
 184:Generated_Source\PSoC4/cyfitter_cfg.c **** 
  86              		.loc 1 184 0
  87 0028 0022     		movs	r2, #0
  88 002a 0B4B     		ldr	r3, .L5+24
  89 002c 1A60     		str	r2, [r3]
 187:Generated_Source\PSoC4/cyfitter_cfg.c **** 
  90              		.loc 1 187 0
  91 002e 4032     		adds	r2, r2, #64
  92 0030 0A4B     		ldr	r3, .L5+28
  93 0032 1A60     		str	r2, [r3]
 190:Generated_Source\PSoC4/cyfitter_cfg.c **** 
  94              		.loc 1 190 0
  95 0034 0132     		adds	r2, r2, #1
  96 0036 0A4B     		ldr	r3, .L5+32
  97 0038 1A60     		str	r2, [r3]
 193:Generated_Source\PSoC4/cyfitter_cfg.c **** }
  98              		.loc 1 193 0
  99 003a 1123     		movs	r3, #17
 100 003c 2360     		str	r3, [r4]
 194:Generated_Source\PSoC4/cyfitter_cfg.c **** 
 101              		.loc 1 194 0
 102              		@ sp needed
 103 003e 10BD     		pop	{r4, pc}
 104              	.L6:
 105              		.align	2
 106              	.L5:
 107 0040 30001040 		.word	1074790448
 108 0044 00030140 		.word	1073808128
 109 0048 00000140 		.word	1073807360
 110 004c 40FF0080 		.word	-2147418304
ARM GAS  C:\Users\220036~1\AppData\Local\Temp\ccpBvFeQ.s 			page 7


 111 0050 04030140 		.word	1073808132
 112 0054 41FF0080 		.word	-2147418303
 113 0058 28000340 		.word	1073938472
 114 005c 08010140 		.word	1073807624
 115 0060 00010140 		.word	1073807616
 116              		.cfi_endproc
 117              	.LFE4:
 118              		.size	ClockSetup, .-ClockSetup
 119              		.section	.text.SetAnalogRoutingPumps,"ax",%progbits
 120              		.align	2
 121              		.global	SetAnalogRoutingPumps
 122              		.code	16
 123              		.thumb_func
 124              		.type	SetAnalogRoutingPumps, %function
 125              	SetAnalogRoutingPumps:
 126              	.LFB6:
 221:Generated_Source\PSoC4/cyfitter_cfg.c **** 
 222:Generated_Source\PSoC4/cyfitter_cfg.c **** 
 223:Generated_Source\PSoC4/cyfitter_cfg.c **** /*******************************************************************************
 224:Generated_Source\PSoC4/cyfitter_cfg.c **** * Function Name: SetAnalogRoutingPumps
 225:Generated_Source\PSoC4/cyfitter_cfg.c **** ********************************************************************************
 226:Generated_Source\PSoC4/cyfitter_cfg.c **** *
 227:Generated_Source\PSoC4/cyfitter_cfg.c **** * Summary:
 228:Generated_Source\PSoC4/cyfitter_cfg.c **** * Enables or disables the analog pumps feeding analog routing switches.
 229:Generated_Source\PSoC4/cyfitter_cfg.c **** * Intended to be called at startup, based on the Vdda system configuration;
 230:Generated_Source\PSoC4/cyfitter_cfg.c **** * may be called during operation when the user informs us that the Vdda voltage crossed the pump th
 231:Generated_Source\PSoC4/cyfitter_cfg.c **** *
 232:Generated_Source\PSoC4/cyfitter_cfg.c **** * Parameters:
 233:Generated_Source\PSoC4/cyfitter_cfg.c **** *  enabled - 1 to enable the pumps, 0 to disable the pumps
 234:Generated_Source\PSoC4/cyfitter_cfg.c **** *
 235:Generated_Source\PSoC4/cyfitter_cfg.c **** * Return:
 236:Generated_Source\PSoC4/cyfitter_cfg.c **** *  void
 237:Generated_Source\PSoC4/cyfitter_cfg.c **** *
 238:Generated_Source\PSoC4/cyfitter_cfg.c **** *******************************************************************************/
 239:Generated_Source\PSoC4/cyfitter_cfg.c **** void SetAnalogRoutingPumps(uint8 enabled)
 240:Generated_Source\PSoC4/cyfitter_cfg.c **** {
 127              		.loc 1 240 0
 128              		.cfi_startproc
 129              		@ args = 0, pretend = 0, frame = 0
 130              		@ frame_needed = 0, uses_anonymous_args = 0
 131              		@ link register save eliminated.
 132              	.LVL1:
 241:Generated_Source\PSoC4/cyfitter_cfg.c **** 	uint32 regValue = CY_GET_XTND_REG32((void *)(CYREG_HSIOM_PUMP_CTL));
 133              		.loc 1 241 0
 134 0000 0B4B     		ldr	r3, .L12
 135 0002 1B68     		ldr	r3, [r3]
 136              	.LVL2:
 242:Generated_Source\PSoC4/cyfitter_cfg.c **** 	if (enabled != 0u)
 137              		.loc 1 242 0
 138 0004 0028     		cmp	r0, #0
 139 0006 03D0     		beq	.L8
 243:Generated_Source\PSoC4/cyfitter_cfg.c **** 	{
 244:Generated_Source\PSoC4/cyfitter_cfg.c **** 		regValue |= 0x80000000u;
 140              		.loc 1 244 0
 141 0008 8022     		movs	r2, #128
 142 000a 1206     		lsls	r2, r2, #24
 143 000c 1343     		orrs	r3, r2
ARM GAS  C:\Users\220036~1\AppData\Local\Temp\ccpBvFeQ.s 			page 8


 144              	.LVL3:
 145 000e 01E0     		b	.L9
 146              	.L8:
 245:Generated_Source\PSoC4/cyfitter_cfg.c **** 	}
 246:Generated_Source\PSoC4/cyfitter_cfg.c **** 	else
 247:Generated_Source\PSoC4/cyfitter_cfg.c **** 	{
 248:Generated_Source\PSoC4/cyfitter_cfg.c **** 		regValue &= ~0x80000000u;
 147              		.loc 1 248 0
 148 0010 5B00     		lsls	r3, r3, #1
 149              	.LVL4:
 150 0012 5B08     		lsrs	r3, r3, #1
 151              	.LVL5:
 152              	.L9:
 249:Generated_Source\PSoC4/cyfitter_cfg.c **** 	}
 250:Generated_Source\PSoC4/cyfitter_cfg.c **** 	CY_SET_XTND_REG32((void *)(CYREG_HSIOM_PUMP_CTL), regValue);
 153              		.loc 1 250 0
 154 0014 064A     		ldr	r2, .L12
 155 0016 1360     		str	r3, [r2]
 251:Generated_Source\PSoC4/cyfitter_cfg.c **** 	regValue = CY_GET_XTND_REG32((void *)(CYREG_CLK_SELECT));
 156              		.loc 1 251 0
 157 0018 064B     		ldr	r3, .L12+4
 158              	.LVL6:
 159 001a 1B68     		ldr	r3, [r3]
 160              	.LVL7:
 252:Generated_Source\PSoC4/cyfitter_cfg.c **** 	if (enabled != 0u)
 161              		.loc 1 252 0
 162 001c 0028     		cmp	r0, #0
 163 001e 02D0     		beq	.L10
 253:Generated_Source\PSoC4/cyfitter_cfg.c **** 	{
 254:Generated_Source\PSoC4/cyfitter_cfg.c **** 		regValue |= 0x00000020u;
 164              		.loc 1 254 0
 165 0020 2022     		movs	r2, #32
 166 0022 1343     		orrs	r3, r2
 167              	.LVL8:
 168 0024 01E0     		b	.L11
 169              	.L10:
 255:Generated_Source\PSoC4/cyfitter_cfg.c **** 	}
 256:Generated_Source\PSoC4/cyfitter_cfg.c **** 	else
 257:Generated_Source\PSoC4/cyfitter_cfg.c **** 	{
 258:Generated_Source\PSoC4/cyfitter_cfg.c **** 		regValue &= ~0x00000020u;
 170              		.loc 1 258 0
 171 0026 2022     		movs	r2, #32
 172 0028 9343     		bics	r3, r2
 173              	.LVL9:
 174              	.L11:
 259:Generated_Source\PSoC4/cyfitter_cfg.c **** 	}
 260:Generated_Source\PSoC4/cyfitter_cfg.c **** 	CY_SET_XTND_REG32((void *)(CYREG_CLK_SELECT), regValue);
 175              		.loc 1 260 0
 176 002a 024A     		ldr	r2, .L12+4
 177 002c 1360     		str	r3, [r2]
 261:Generated_Source\PSoC4/cyfitter_cfg.c **** }
 178              		.loc 1 261 0
 179              		@ sp needed
 180 002e 7047     		bx	lr
 181              	.L13:
 182              		.align	2
 183              	.L12:
ARM GAS  C:\Users\220036~1\AppData\Local\Temp\ccpBvFeQ.s 			page 9


 184 0030 00200240 		.word	1073881088
 185 0034 28000340 		.word	1073938472
 186              		.cfi_endproc
 187              	.LFE6:
 188              		.size	SetAnalogRoutingPumps, .-SetAnalogRoutingPumps
 189              		.section	.psocinit
 190              		.align	2
 191              		.global	cyfitter_cfg
 192              		.code	16
 193              		.thumb_func
 194              		.type	cyfitter_cfg, %function
 195              	cyfitter_cfg:
 196              	.LFB7:
 262:Generated_Source\PSoC4/cyfitter_cfg.c **** 
 263:Generated_Source\PSoC4/cyfitter_cfg.c **** 
 264:Generated_Source\PSoC4/cyfitter_cfg.c **** #define CY_AMUX_UNUSED CYREG_CM0P_ROM_DWT
 265:Generated_Source\PSoC4/cyfitter_cfg.c **** 
 266:Generated_Source\PSoC4/cyfitter_cfg.c **** 
 267:Generated_Source\PSoC4/cyfitter_cfg.c **** /*******************************************************************************
 268:Generated_Source\PSoC4/cyfitter_cfg.c **** * Function Name: cyfitter_cfg
 269:Generated_Source\PSoC4/cyfitter_cfg.c **** ********************************************************************************
 270:Generated_Source\PSoC4/cyfitter_cfg.c **** * Summary:
 271:Generated_Source\PSoC4/cyfitter_cfg.c **** *  This function is called by the start-up code for the selected device. It
 272:Generated_Source\PSoC4/cyfitter_cfg.c **** *  performs all of the necessary device configuration based on the design
 273:Generated_Source\PSoC4/cyfitter_cfg.c **** *  settings.  This includes settings from the Design Wide Resources (DWR) such
 274:Generated_Source\PSoC4/cyfitter_cfg.c **** *  as Clocks and Pins as well as any component configuration that is necessary.
 275:Generated_Source\PSoC4/cyfitter_cfg.c **** *
 276:Generated_Source\PSoC4/cyfitter_cfg.c **** * Parameters:
 277:Generated_Source\PSoC4/cyfitter_cfg.c **** *   void
 278:Generated_Source\PSoC4/cyfitter_cfg.c **** *
 279:Generated_Source\PSoC4/cyfitter_cfg.c **** * Return:
 280:Generated_Source\PSoC4/cyfitter_cfg.c **** *   void
 281:Generated_Source\PSoC4/cyfitter_cfg.c **** *
 282:Generated_Source\PSoC4/cyfitter_cfg.c **** *******************************************************************************/
 283:Generated_Source\PSoC4/cyfitter_cfg.c **** CY_CFG_SECTION
 284:Generated_Source\PSoC4/cyfitter_cfg.c **** void cyfitter_cfg(void)
 285:Generated_Source\PSoC4/cyfitter_cfg.c **** {
 197              		.loc 1 285 0
 198              		.cfi_startproc
 199              		@ args = 0, pretend = 0, frame = 0
 200              		@ frame_needed = 0, uses_anonymous_args = 0
 201 0064 10B5     		push	{r4, lr}
 202              		.cfi_def_cfa_offset 8
 203              		.cfi_offset 4, -8
 204              		.cfi_offset 14, -4
 286:Generated_Source\PSoC4/cyfitter_cfg.c **** 	/* Disable interrupts by default. Let user enable if/when they want. */
 287:Generated_Source\PSoC4/cyfitter_cfg.c **** 	CyGlobalIntDisable;
 205              		.loc 1 287 0
 206              		.syntax divided
 207              	@ 287 "Generated_Source\PSoC4\cyfitter_cfg.c" 1
 208 0066 72B6     		CPSID   i
 209              	@ 0 "" 2
 288:Generated_Source\PSoC4/cyfitter_cfg.c **** 
 289:Generated_Source\PSoC4/cyfitter_cfg.c **** 	{
 290:Generated_Source\PSoC4/cyfitter_cfg.c **** 		/* HSIOM Starting address: CYDEV_HSIOM_BASE */
 291:Generated_Source\PSoC4/cyfitter_cfg.c **** 		CY_SET_REG32((void *)(CYREG_HSIOM_PORT_SEL3), 0x0000EE00u);
 210              		.loc 1 291 0
ARM GAS  C:\Users\220036~1\AppData\Local\Temp\ccpBvFeQ.s 			page 10


 211              		.thumb
 212              		.syntax unified
 213 0068 EE22     		movs	r2, #238
 214 006a 1202     		lsls	r2, r2, #8
 215 006c 114B     		ldr	r3, .L15
 216 006e 1A60     		str	r2, [r3]
 292:Generated_Source\PSoC4/cyfitter_cfg.c **** 		CY_SET_REG32((void *)(CYREG_HSIOM_PORT_SEL4), 0x000000EEu);
 217              		.loc 1 292 0
 218 0070 EE22     		movs	r2, #238
 219 0072 114B     		ldr	r3, .L15+4
 220 0074 1A60     		str	r2, [r3]
 293:Generated_Source\PSoC4/cyfitter_cfg.c **** 
 294:Generated_Source\PSoC4/cyfitter_cfg.c **** 	}
 295:Generated_Source\PSoC4/cyfitter_cfg.c **** 
 296:Generated_Source\PSoC4/cyfitter_cfg.c **** 	/* Perform second pass device configuration. These items must be configured in specific order afte
 297:Generated_Source\PSoC4/cyfitter_cfg.c **** 	/* IOPINS0_1 Starting address: CYDEV_GPIO_PRT1_BASE */
 298:Generated_Source\PSoC4/cyfitter_cfg.c **** 	CY_SET_REG32((void *)(CYDEV_GPIO_PRT1_BASE), 0x00000080u);
 221              		.loc 1 298 0
 222 0076 6E3A     		subs	r2, r2, #110
 223 0078 104B     		ldr	r3, .L15+8
 224 007a 1A60     		str	r2, [r3]
 299:Generated_Source\PSoC4/cyfitter_cfg.c **** 	CY_SET_REG32((void *)(CYREG_GPIO_PRT1_PC), 0x00000D80u);
 225              		.loc 1 299 0
 226 007c D823     		movs	r3, #216
 227 007e 1B01     		lsls	r3, r3, #4
 228 0080 0F49     		ldr	r1, .L15+12
 229 0082 0B60     		str	r3, [r1]
 300:Generated_Source\PSoC4/cyfitter_cfg.c **** 	CY_SET_REG32((void *)(CYREG_GPIO_PRT1_PC2), 0x00000080u);
 230              		.loc 1 300 0
 231 0084 0F49     		ldr	r1, .L15+16
 232 0086 0A60     		str	r2, [r1]
 301:Generated_Source\PSoC4/cyfitter_cfg.c **** 
 302:Generated_Source\PSoC4/cyfitter_cfg.c **** 	/* IOPINS0_2 Starting address: CYDEV_GPIO_PRT2_BASE */
 303:Generated_Source\PSoC4/cyfitter_cfg.c **** 	CY_SET_REG32((void *)(CYREG_GPIO_PRT2_PC2), 0x00000040u);
 233              		.loc 1 303 0
 234 0088 4021     		movs	r1, #64
 235 008a 0F4A     		ldr	r2, .L15+20
 236 008c 1160     		str	r1, [r2]
 304:Generated_Source\PSoC4/cyfitter_cfg.c **** 
 305:Generated_Source\PSoC4/cyfitter_cfg.c **** 	/* IOPINS0_3 Starting address: CYDEV_GPIO_PRT3_BASE */
 306:Generated_Source\PSoC4/cyfitter_cfg.c **** 	CY_SET_REG32((void *)(CYREG_GPIO_PRT3_PC), 0x00000D80u);
 237              		.loc 1 306 0
 238 008e 0F4A     		ldr	r2, .L15+24
 239 0090 1360     		str	r3, [r2]
 307:Generated_Source\PSoC4/cyfitter_cfg.c **** 	CY_SET_REG32((void *)(CYREG_GPIO_PRT3_PC2), 0x00000001u);
 240              		.loc 1 307 0
 241 0092 0122     		movs	r2, #1
 242 0094 0E4B     		ldr	r3, .L15+28
 243 0096 1A60     		str	r2, [r3]
 308:Generated_Source\PSoC4/cyfitter_cfg.c **** 
 309:Generated_Source\PSoC4/cyfitter_cfg.c **** 	/* IOPINS0_4 Starting address: CYDEV_GPIO_PRT4_BASE */
 310:Generated_Source\PSoC4/cyfitter_cfg.c **** 	CY_SET_REG32((void *)(CYDEV_GPIO_PRT4_BASE), 0x00000003u);
 244              		.loc 1 310 0
 245 0098 0232     		adds	r2, r2, #2
 246 009a 0E4B     		ldr	r3, .L15+32
 247 009c 1A60     		str	r2, [r3]
 311:Generated_Source\PSoC4/cyfitter_cfg.c **** 	CY_SET_REG32((void *)(CYREG_GPIO_PRT4_PC), 0x00000024u);
ARM GAS  C:\Users\220036~1\AppData\Local\Temp\ccpBvFeQ.s 			page 11


 248              		.loc 1 311 0
 249 009e 2132     		adds	r2, r2, #33
 250 00a0 0D4B     		ldr	r3, .L15+36
 251 00a2 1A60     		str	r2, [r3]
 312:Generated_Source\PSoC4/cyfitter_cfg.c **** 	CY_SET_REG32((void *)(CYREG_GPIO_PRT4_PC2), 0x0000000Cu);
 252              		.loc 1 312 0
 253 00a4 183A     		subs	r2, r2, #24
 254 00a6 0D4B     		ldr	r3, .L15+40
 255 00a8 1A60     		str	r2, [r3]
 313:Generated_Source\PSoC4/cyfitter_cfg.c **** 
 314:Generated_Source\PSoC4/cyfitter_cfg.c **** 
 315:Generated_Source\PSoC4/cyfitter_cfg.c **** 	/* Setup clocks based on selections from Clock DWR */
 316:Generated_Source\PSoC4/cyfitter_cfg.c **** 	ClockSetup();
 256              		.loc 1 316 0
 257 00aa FFF7A9FF 		bl	ClockSetup
 258              	.LVL10:
 317:Generated_Source\PSoC4/cyfitter_cfg.c **** 
 318:Generated_Source\PSoC4/cyfitter_cfg.c **** 	/* Perform basic analog initialization to defaults */
 319:Generated_Source\PSoC4/cyfitter_cfg.c **** 	AnalogSetDefault();
 259              		.loc 1 319 0
 260 00ae FFF7FEFF 		bl	AnalogSetDefault
 261              	.LVL11:
 320:Generated_Source\PSoC4/cyfitter_cfg.c **** 
 321:Generated_Source\PSoC4/cyfitter_cfg.c **** }
 262              		.loc 1 321 0
 263              		@ sp needed
 264 00b2 10BD     		pop	{r4, pc}
 265              	.L16:
 266              		.align	2
 267              	.L15:
 268 00b4 00030240 		.word	1073873664
 269 00b8 00040240 		.word	1073873920
 270 00bc 00010440 		.word	1074004224
 271 00c0 08010440 		.word	1074004232
 272 00c4 18010440 		.word	1074004248
 273 00c8 18020440 		.word	1074004504
 274 00cc 08030440 		.word	1074004744
 275 00d0 18030440 		.word	1074004760
 276 00d4 00040440 		.word	1074004992
 277 00d8 08040440 		.word	1074005000
 278 00dc 18040440 		.word	1074005016
 279              		.cfi_endproc
 280              	.LFE7:
 281              		.size	cyfitter_cfg, .-cyfitter_cfg
 282              		.text
 283              	.Letext0:
 284              		.file 2 "Generated_Source\\PSoC4\\cytypes.h"
 285              		.file 3 "Generated_Source\\PSoC4\\CyLib.h"
 286              		.section	.debug_info,"",%progbits
 287              	.Ldebug_info0:
 288 0000 50010000 		.4byte	0x150
 289 0004 0400     		.2byte	0x4
 290 0006 00000000 		.4byte	.Ldebug_abbrev0
 291 000a 04       		.byte	0x4
 292 000b 01       		.uleb128 0x1
 293 000c 8C010000 		.4byte	.LASF19
 294 0010 0C       		.byte	0xc
ARM GAS  C:\Users\220036~1\AppData\Local\Temp\ccpBvFeQ.s 			page 12


 295 0011 15000000 		.4byte	.LASF20
 296 0015 B2000000 		.4byte	.LASF21
 297 0019 00000000 		.4byte	.Ldebug_ranges0+0
 298 001d 00000000 		.4byte	0
 299 0021 00000000 		.4byte	.Ldebug_line0
 300 0025 02       		.uleb128 0x2
 301 0026 04       		.byte	0x4
 302 0027 05       		.byte	0x5
 303 0028 696E7400 		.ascii	"int\000"
 304 002c 03       		.uleb128 0x3
 305 002d 04       		.byte	0x4
 306 002e 07       		.byte	0x7
 307 002f 3B000000 		.4byte	.LASF0
 308 0033 03       		.uleb128 0x3
 309 0034 08       		.byte	0x8
 310 0035 05       		.byte	0x5
 311 0036 00000000 		.4byte	.LASF1
 312 003a 03       		.uleb128 0x3
 313 003b 08       		.byte	0x8
 314 003c 04       		.byte	0x4
 315 003d 65010000 		.4byte	.LASF2
 316 0041 03       		.uleb128 0x3
 317 0042 01       		.byte	0x1
 318 0043 06       		.byte	0x6
 319 0044 59010000 		.4byte	.LASF3
 320 0048 03       		.uleb128 0x3
 321 0049 01       		.byte	0x1
 322 004a 08       		.byte	0x8
 323 004b A4000000 		.4byte	.LASF4
 324 004f 03       		.uleb128 0x3
 325 0050 02       		.byte	0x2
 326 0051 05       		.byte	0x5
 327 0052 82010000 		.4byte	.LASF5
 328 0056 03       		.uleb128 0x3
 329 0057 02       		.byte	0x2
 330 0058 07       		.byte	0x7
 331 0059 46010000 		.4byte	.LASF6
 332 005d 03       		.uleb128 0x3
 333 005e 04       		.byte	0x4
 334 005f 05       		.byte	0x5
 335 0060 FE000000 		.4byte	.LASF7
 336 0064 03       		.uleb128 0x3
 337 0065 04       		.byte	0x4
 338 0066 07       		.byte	0x7
 339 0067 4E000000 		.4byte	.LASF8
 340 006b 03       		.uleb128 0x3
 341 006c 08       		.byte	0x8
 342 006d 07       		.byte	0x7
 343 006e 6D000000 		.4byte	.LASF9
 344 0072 03       		.uleb128 0x3
 345 0073 04       		.byte	0x4
 346 0074 07       		.byte	0x7
 347 0075 1E020000 		.4byte	.LASF10
 348 0079 03       		.uleb128 0x3
 349 007a 01       		.byte	0x1
 350 007b 08       		.byte	0x8
 351 007c 8A000000 		.4byte	.LASF11
ARM GAS  C:\Users\220036~1\AppData\Local\Temp\ccpBvFeQ.s 			page 13


 352 0080 04       		.uleb128 0x4
 353 0081 48000000 		.4byte	.LASF12
 354 0085 02       		.byte	0x2
 355 0086 E401     		.2byte	0x1e4
 356 0088 48000000 		.4byte	0x48
 357 008c 04       		.uleb128 0x4
 358 008d 0E000000 		.4byte	.LASF13
 359 0091 02       		.byte	0x2
 360 0092 E601     		.2byte	0x1e6
 361 0094 64000000 		.4byte	0x64
 362 0098 03       		.uleb128 0x3
 363 0099 04       		.byte	0x4
 364 009a 04       		.byte	0x4
 365 009b 84000000 		.4byte	.LASF14
 366 009f 03       		.uleb128 0x3
 367 00a0 08       		.byte	0x8
 368 00a1 04       		.byte	0x4
 369 00a2 23010000 		.4byte	.LASF15
 370 00a6 04       		.uleb128 0x4
 371 00a7 40010000 		.4byte	.LASF16
 372 00ab 02       		.byte	0x2
 373 00ac 9002     		.2byte	0x290
 374 00ae B2000000 		.4byte	0xb2
 375 00b2 05       		.uleb128 0x5
 376 00b3 8C000000 		.4byte	0x8c
 377 00b7 06       		.uleb128 0x6
 378 00b8 07010000 		.4byte	.LASF22
 379 00bc 01       		.byte	0x1
 380 00bd D8       		.byte	0xd8
 381 00be 00000000 		.4byte	.LFB5
 382 00c2 0C000000 		.4byte	.LFE5-.LFB5
 383 00c6 01       		.uleb128 0x1
 384 00c7 9C       		.byte	0x9c
 385 00c8 07       		.uleb128 0x7
 386 00c9 18010000 		.4byte	.LASF23
 387 00cd 01       		.byte	0x1
 388 00ce A9       		.byte	0xa9
 389 00cf 00000000 		.4byte	.LFB4
 390 00d3 64000000 		.4byte	.LFE4-.LFB4
 391 00d7 01       		.uleb128 0x1
 392 00d8 9C       		.byte	0x9c
 393 00d9 ED000000 		.4byte	0xed
 394 00dd 08       		.uleb128 0x8
 395 00de 0E000000 		.4byte	.LVL0
 396 00e2 48010000 		.4byte	0x148
 397 00e6 09       		.uleb128 0x9
 398 00e7 01       		.uleb128 0x1
 399 00e8 50       		.byte	0x50
 400 00e9 01       		.uleb128 0x1
 401 00ea 48       		.byte	0x48
 402 00eb 00       		.byte	0
 403 00ec 00       		.byte	0
 404 00ed 0A       		.uleb128 0xa
 405 00ee 2A010000 		.4byte	.LASF17
 406 00f2 01       		.byte	0x1
 407 00f3 EF       		.byte	0xef
 408 00f4 00000000 		.4byte	.LFB6
ARM GAS  C:\Users\220036~1\AppData\Local\Temp\ccpBvFeQ.s 			page 14


 409 00f8 38000000 		.4byte	.LFE6-.LFB6
 410 00fc 01       		.uleb128 0x1
 411 00fd 9C       		.byte	0x9c
 412 00fe 1F010000 		.4byte	0x11f
 413 0102 0B       		.uleb128 0xb
 414 0103 71010000 		.4byte	.LASF24
 415 0107 01       		.byte	0x1
 416 0108 EF       		.byte	0xef
 417 0109 80000000 		.4byte	0x80
 418 010d 01       		.uleb128 0x1
 419 010e 50       		.byte	0x50
 420 010f 0C       		.uleb128 0xc
 421 0110 79010000 		.4byte	.LASF25
 422 0114 01       		.byte	0x1
 423 0115 F1       		.byte	0xf1
 424 0116 8C000000 		.4byte	0x8c
 425 011a 00000000 		.4byte	.LLST0
 426 011e 00       		.byte	0
 427 011f 0D       		.uleb128 0xd
 428 0120 60000000 		.4byte	.LASF18
 429 0124 01       		.byte	0x1
 430 0125 1C01     		.2byte	0x11c
 431 0127 64000000 		.4byte	.LFB7
 432 012b 7C000000 		.4byte	.LFE7-.LFB7
 433 012f 01       		.uleb128 0x1
 434 0130 9C       		.byte	0x9c
 435 0131 48010000 		.4byte	0x148
 436 0135 0E       		.uleb128 0xe
 437 0136 AE000000 		.4byte	.LVL10
 438 013a C8000000 		.4byte	0xc8
 439 013e 0E       		.uleb128 0xe
 440 013f B2000000 		.4byte	.LVL11
 441 0143 B7000000 		.4byte	0xb7
 442 0147 00       		.byte	0
 443 0148 0F       		.uleb128 0xf
 444 0149 8F000000 		.4byte	.LASF26
 445 014d 8F000000 		.4byte	.LASF26
 446 0151 03       		.byte	0x3
 447 0152 6C       		.byte	0x6c
 448 0153 00       		.byte	0
 449              		.section	.debug_abbrev,"",%progbits
 450              	.Ldebug_abbrev0:
 451 0000 01       		.uleb128 0x1
 452 0001 11       		.uleb128 0x11
 453 0002 01       		.byte	0x1
 454 0003 25       		.uleb128 0x25
 455 0004 0E       		.uleb128 0xe
 456 0005 13       		.uleb128 0x13
 457 0006 0B       		.uleb128 0xb
 458 0007 03       		.uleb128 0x3
 459 0008 0E       		.uleb128 0xe
 460 0009 1B       		.uleb128 0x1b
 461 000a 0E       		.uleb128 0xe
 462 000b 55       		.uleb128 0x55
 463 000c 17       		.uleb128 0x17
 464 000d 11       		.uleb128 0x11
 465 000e 01       		.uleb128 0x1
ARM GAS  C:\Users\220036~1\AppData\Local\Temp\ccpBvFeQ.s 			page 15


 466 000f 10       		.uleb128 0x10
 467 0010 17       		.uleb128 0x17
 468 0011 00       		.byte	0
 469 0012 00       		.byte	0
 470 0013 02       		.uleb128 0x2
 471 0014 24       		.uleb128 0x24
 472 0015 00       		.byte	0
 473 0016 0B       		.uleb128 0xb
 474 0017 0B       		.uleb128 0xb
 475 0018 3E       		.uleb128 0x3e
 476 0019 0B       		.uleb128 0xb
 477 001a 03       		.uleb128 0x3
 478 001b 08       		.uleb128 0x8
 479 001c 00       		.byte	0
 480 001d 00       		.byte	0
 481 001e 03       		.uleb128 0x3
 482 001f 24       		.uleb128 0x24
 483 0020 00       		.byte	0
 484 0021 0B       		.uleb128 0xb
 485 0022 0B       		.uleb128 0xb
 486 0023 3E       		.uleb128 0x3e
 487 0024 0B       		.uleb128 0xb
 488 0025 03       		.uleb128 0x3
 489 0026 0E       		.uleb128 0xe
 490 0027 00       		.byte	0
 491 0028 00       		.byte	0
 492 0029 04       		.uleb128 0x4
 493 002a 16       		.uleb128 0x16
 494 002b 00       		.byte	0
 495 002c 03       		.uleb128 0x3
 496 002d 0E       		.uleb128 0xe
 497 002e 3A       		.uleb128 0x3a
 498 002f 0B       		.uleb128 0xb
 499 0030 3B       		.uleb128 0x3b
 500 0031 05       		.uleb128 0x5
 501 0032 49       		.uleb128 0x49
 502 0033 13       		.uleb128 0x13
 503 0034 00       		.byte	0
 504 0035 00       		.byte	0
 505 0036 05       		.uleb128 0x5
 506 0037 35       		.uleb128 0x35
 507 0038 00       		.byte	0
 508 0039 49       		.uleb128 0x49
 509 003a 13       		.uleb128 0x13
 510 003b 00       		.byte	0
 511 003c 00       		.byte	0
 512 003d 06       		.uleb128 0x6
 513 003e 2E       		.uleb128 0x2e
 514 003f 00       		.byte	0
 515 0040 03       		.uleb128 0x3
 516 0041 0E       		.uleb128 0xe
 517 0042 3A       		.uleb128 0x3a
 518 0043 0B       		.uleb128 0xb
 519 0044 3B       		.uleb128 0x3b
 520 0045 0B       		.uleb128 0xb
 521 0046 27       		.uleb128 0x27
 522 0047 19       		.uleb128 0x19
ARM GAS  C:\Users\220036~1\AppData\Local\Temp\ccpBvFeQ.s 			page 16


 523 0048 11       		.uleb128 0x11
 524 0049 01       		.uleb128 0x1
 525 004a 12       		.uleb128 0x12
 526 004b 06       		.uleb128 0x6
 527 004c 40       		.uleb128 0x40
 528 004d 18       		.uleb128 0x18
 529 004e 9742     		.uleb128 0x2117
 530 0050 19       		.uleb128 0x19
 531 0051 00       		.byte	0
 532 0052 00       		.byte	0
 533 0053 07       		.uleb128 0x7
 534 0054 2E       		.uleb128 0x2e
 535 0055 01       		.byte	0x1
 536 0056 03       		.uleb128 0x3
 537 0057 0E       		.uleb128 0xe
 538 0058 3A       		.uleb128 0x3a
 539 0059 0B       		.uleb128 0xb
 540 005a 3B       		.uleb128 0x3b
 541 005b 0B       		.uleb128 0xb
 542 005c 27       		.uleb128 0x27
 543 005d 19       		.uleb128 0x19
 544 005e 11       		.uleb128 0x11
 545 005f 01       		.uleb128 0x1
 546 0060 12       		.uleb128 0x12
 547 0061 06       		.uleb128 0x6
 548 0062 40       		.uleb128 0x40
 549 0063 18       		.uleb128 0x18
 550 0064 9742     		.uleb128 0x2117
 551 0066 19       		.uleb128 0x19
 552 0067 01       		.uleb128 0x1
 553 0068 13       		.uleb128 0x13
 554 0069 00       		.byte	0
 555 006a 00       		.byte	0
 556 006b 08       		.uleb128 0x8
 557 006c 898201   		.uleb128 0x4109
 558 006f 01       		.byte	0x1
 559 0070 11       		.uleb128 0x11
 560 0071 01       		.uleb128 0x1
 561 0072 31       		.uleb128 0x31
 562 0073 13       		.uleb128 0x13
 563 0074 00       		.byte	0
 564 0075 00       		.byte	0
 565 0076 09       		.uleb128 0x9
 566 0077 8A8201   		.uleb128 0x410a
 567 007a 00       		.byte	0
 568 007b 02       		.uleb128 0x2
 569 007c 18       		.uleb128 0x18
 570 007d 9142     		.uleb128 0x2111
 571 007f 18       		.uleb128 0x18
 572 0080 00       		.byte	0
 573 0081 00       		.byte	0
 574 0082 0A       		.uleb128 0xa
 575 0083 2E       		.uleb128 0x2e
 576 0084 01       		.byte	0x1
 577 0085 3F       		.uleb128 0x3f
 578 0086 19       		.uleb128 0x19
 579 0087 03       		.uleb128 0x3
ARM GAS  C:\Users\220036~1\AppData\Local\Temp\ccpBvFeQ.s 			page 17


 580 0088 0E       		.uleb128 0xe
 581 0089 3A       		.uleb128 0x3a
 582 008a 0B       		.uleb128 0xb
 583 008b 3B       		.uleb128 0x3b
 584 008c 0B       		.uleb128 0xb
 585 008d 27       		.uleb128 0x27
 586 008e 19       		.uleb128 0x19
 587 008f 11       		.uleb128 0x11
 588 0090 01       		.uleb128 0x1
 589 0091 12       		.uleb128 0x12
 590 0092 06       		.uleb128 0x6
 591 0093 40       		.uleb128 0x40
 592 0094 18       		.uleb128 0x18
 593 0095 9742     		.uleb128 0x2117
 594 0097 19       		.uleb128 0x19
 595 0098 01       		.uleb128 0x1
 596 0099 13       		.uleb128 0x13
 597 009a 00       		.byte	0
 598 009b 00       		.byte	0
 599 009c 0B       		.uleb128 0xb
 600 009d 05       		.uleb128 0x5
 601 009e 00       		.byte	0
 602 009f 03       		.uleb128 0x3
 603 00a0 0E       		.uleb128 0xe
 604 00a1 3A       		.uleb128 0x3a
 605 00a2 0B       		.uleb128 0xb
 606 00a3 3B       		.uleb128 0x3b
 607 00a4 0B       		.uleb128 0xb
 608 00a5 49       		.uleb128 0x49
 609 00a6 13       		.uleb128 0x13
 610 00a7 02       		.uleb128 0x2
 611 00a8 18       		.uleb128 0x18
 612 00a9 00       		.byte	0
 613 00aa 00       		.byte	0
 614 00ab 0C       		.uleb128 0xc
 615 00ac 34       		.uleb128 0x34
 616 00ad 00       		.byte	0
 617 00ae 03       		.uleb128 0x3
 618 00af 0E       		.uleb128 0xe
 619 00b0 3A       		.uleb128 0x3a
 620 00b1 0B       		.uleb128 0xb
 621 00b2 3B       		.uleb128 0x3b
 622 00b3 0B       		.uleb128 0xb
 623 00b4 49       		.uleb128 0x49
 624 00b5 13       		.uleb128 0x13
 625 00b6 02       		.uleb128 0x2
 626 00b7 17       		.uleb128 0x17
 627 00b8 00       		.byte	0
 628 00b9 00       		.byte	0
 629 00ba 0D       		.uleb128 0xd
 630 00bb 2E       		.uleb128 0x2e
 631 00bc 01       		.byte	0x1
 632 00bd 3F       		.uleb128 0x3f
 633 00be 19       		.uleb128 0x19
 634 00bf 03       		.uleb128 0x3
 635 00c0 0E       		.uleb128 0xe
 636 00c1 3A       		.uleb128 0x3a
ARM GAS  C:\Users\220036~1\AppData\Local\Temp\ccpBvFeQ.s 			page 18


 637 00c2 0B       		.uleb128 0xb
 638 00c3 3B       		.uleb128 0x3b
 639 00c4 05       		.uleb128 0x5
 640 00c5 27       		.uleb128 0x27
 641 00c6 19       		.uleb128 0x19
 642 00c7 11       		.uleb128 0x11
 643 00c8 01       		.uleb128 0x1
 644 00c9 12       		.uleb128 0x12
 645 00ca 06       		.uleb128 0x6
 646 00cb 40       		.uleb128 0x40
 647 00cc 18       		.uleb128 0x18
 648 00cd 9742     		.uleb128 0x2117
 649 00cf 19       		.uleb128 0x19
 650 00d0 01       		.uleb128 0x1
 651 00d1 13       		.uleb128 0x13
 652 00d2 00       		.byte	0
 653 00d3 00       		.byte	0
 654 00d4 0E       		.uleb128 0xe
 655 00d5 898201   		.uleb128 0x4109
 656 00d8 00       		.byte	0
 657 00d9 11       		.uleb128 0x11
 658 00da 01       		.uleb128 0x1
 659 00db 31       		.uleb128 0x31
 660 00dc 13       		.uleb128 0x13
 661 00dd 00       		.byte	0
 662 00de 00       		.byte	0
 663 00df 0F       		.uleb128 0xf
 664 00e0 2E       		.uleb128 0x2e
 665 00e1 00       		.byte	0
 666 00e2 3F       		.uleb128 0x3f
 667 00e3 19       		.uleb128 0x19
 668 00e4 3C       		.uleb128 0x3c
 669 00e5 19       		.uleb128 0x19
 670 00e6 6E       		.uleb128 0x6e
 671 00e7 0E       		.uleb128 0xe
 672 00e8 03       		.uleb128 0x3
 673 00e9 0E       		.uleb128 0xe
 674 00ea 3A       		.uleb128 0x3a
 675 00eb 0B       		.uleb128 0xb
 676 00ec 3B       		.uleb128 0x3b
 677 00ed 0B       		.uleb128 0xb
 678 00ee 00       		.byte	0
 679 00ef 00       		.byte	0
 680 00f0 00       		.byte	0
 681              		.section	.debug_loc,"",%progbits
 682              	.Ldebug_loc0:
 683              	.LLST0:
 684 0000 04000000 		.4byte	.LVL2
 685 0004 12000000 		.4byte	.LVL4
 686 0008 0100     		.2byte	0x1
 687 000a 53       		.byte	0x53
 688 000b 14000000 		.4byte	.LVL5
 689 000f 1A000000 		.4byte	.LVL6
 690 0013 0100     		.2byte	0x1
 691 0015 53       		.byte	0x53
 692 0016 1A000000 		.4byte	.LVL6
 693 001a 1C000000 		.4byte	.LVL7
ARM GAS  C:\Users\220036~1\AppData\Local\Temp\ccpBvFeQ.s 			page 19


 694 001e 0200     		.2byte	0x2
 695 0020 72       		.byte	0x72
 696 0021 00       		.sleb128 0
 697 0022 1C000000 		.4byte	.LVL7
 698 0026 38000000 		.4byte	.LFE6
 699 002a 0100     		.2byte	0x1
 700 002c 53       		.byte	0x53
 701 002d 00000000 		.4byte	0
 702 0031 00000000 		.4byte	0
 703              		.section	.debug_aranges,"",%progbits
 704 0000 34000000 		.4byte	0x34
 705 0004 0200     		.2byte	0x2
 706 0006 00000000 		.4byte	.Ldebug_info0
 707 000a 04       		.byte	0x4
 708 000b 00       		.byte	0
 709 000c 0000     		.2byte	0
 710 000e 0000     		.2byte	0
 711 0010 00000000 		.4byte	.LFB5
 712 0014 0C000000 		.4byte	.LFE5-.LFB5
 713 0018 00000000 		.4byte	.LFB4
 714 001c 64000000 		.4byte	.LFE4-.LFB4
 715 0020 00000000 		.4byte	.LFB6
 716 0024 38000000 		.4byte	.LFE6-.LFB6
 717 0028 64000000 		.4byte	.LFB7
 718 002c 7C000000 		.4byte	.LFE7-.LFB7
 719 0030 00000000 		.4byte	0
 720 0034 00000000 		.4byte	0
 721              		.section	.debug_ranges,"",%progbits
 722              	.Ldebug_ranges0:
 723 0000 00000000 		.4byte	.LFB5
 724 0004 0C000000 		.4byte	.LFE5
 725 0008 00000000 		.4byte	.LFB4
 726 000c 64000000 		.4byte	.LFE4
 727 0010 00000000 		.4byte	.LFB6
 728 0014 38000000 		.4byte	.LFE6
 729 0018 64000000 		.4byte	.LFB7
 730 001c E0000000 		.4byte	.LFE7
 731 0020 00000000 		.4byte	0
 732 0024 00000000 		.4byte	0
 733              		.section	.debug_line,"",%progbits
 734              	.Ldebug_line0:
 735 0000 B6000000 		.section	.debug_str,"MS",%progbits,1
 735      02005400 
 735      00000201 
 735      FB0E0D00 
 735      01010101 
 736              	.LASF1:
 737 0000 6C6F6E67 		.ascii	"long long int\000"
 737      206C6F6E 
 737      6720696E 
 737      7400
 738              	.LASF13:
 739 000e 75696E74 		.ascii	"uint32\000"
 739      333200
 740              	.LASF20:
 741 0015 47656E65 		.ascii	"Generated_Source\\PSoC4\\cyfitter_cfg.c\000"
 741      72617465 
ARM GAS  C:\Users\220036~1\AppData\Local\Temp\ccpBvFeQ.s 			page 20


 741      645F536F 
 741      75726365 
 741      5C50536F 
 742              	.LASF0:
 743 003b 756E7369 		.ascii	"unsigned int\000"
 743      676E6564 
 743      20696E74 
 743      00
 744              	.LASF12:
 745 0048 75696E74 		.ascii	"uint8\000"
 745      3800
 746              	.LASF8:
 747 004e 6C6F6E67 		.ascii	"long unsigned int\000"
 747      20756E73 
 747      69676E65 
 747      6420696E 
 747      7400
 748              	.LASF18:
 749 0060 63796669 		.ascii	"cyfitter_cfg\000"
 749      74746572 
 749      5F636667 
 749      00
 750              	.LASF9:
 751 006d 6C6F6E67 		.ascii	"long long unsigned int\000"
 751      206C6F6E 
 751      6720756E 
 751      7369676E 
 751      65642069 
 752              	.LASF14:
 753 0084 666C6F61 		.ascii	"float\000"
 753      7400
 754              	.LASF11:
 755 008a 63686172 		.ascii	"char\000"
 755      00
 756              	.LASF26:
 757 008f 43795379 		.ascii	"CySysClkWriteImoFreq\000"
 757      73436C6B 
 757      57726974 
 757      65496D6F 
 757      46726571 
 758              	.LASF4:
 759 00a4 756E7369 		.ascii	"unsigned char\000"
 759      676E6564 
 759      20636861 
 759      7200
 760              	.LASF21:
 761 00b2 433A5C47 		.ascii	"C:\\GEA_Cypress_proj\\NGFLUI.cywrk.Archive01\\NGFLU"
 761      45415F43 
 761      79707265 
 761      73735F70 
 761      726F6A5C 
 762 00e2 495C4E47 		.ascii	"I\\NGFLUI_Vikram_Slave.cydsn\000"
 762      464C5549 
 762      5F56696B 
 762      72616D5F 
 762      536C6176 
 763              	.LASF7:
ARM GAS  C:\Users\220036~1\AppData\Local\Temp\ccpBvFeQ.s 			page 21


 764 00fe 6C6F6E67 		.ascii	"long int\000"
 764      20696E74 
 764      00
 765              	.LASF22:
 766 0107 416E616C 		.ascii	"AnalogSetDefault\000"
 766      6F675365 
 766      74446566 
 766      61756C74 
 766      00
 767              	.LASF23:
 768 0118 436C6F63 		.ascii	"ClockSetup\000"
 768      6B536574 
 768      757000
 769              	.LASF15:
 770 0123 646F7562 		.ascii	"double\000"
 770      6C6500
 771              	.LASF17:
 772 012a 53657441 		.ascii	"SetAnalogRoutingPumps\000"
 772      6E616C6F 
 772      67526F75 
 772      74696E67 
 772      50756D70 
 773              	.LASF16:
 774 0140 72656733 		.ascii	"reg32\000"
 774      3200
 775              	.LASF6:
 776 0146 73686F72 		.ascii	"short unsigned int\000"
 776      7420756E 
 776      7369676E 
 776      65642069 
 776      6E7400
 777              	.LASF3:
 778 0159 7369676E 		.ascii	"signed char\000"
 778      65642063 
 778      68617200 
 779              	.LASF2:
 780 0165 6C6F6E67 		.ascii	"long double\000"
 780      20646F75 
 780      626C6500 
 781              	.LASF24:
 782 0171 656E6162 		.ascii	"enabled\000"
 782      6C656400 
 783              	.LASF25:
 784 0179 72656756 		.ascii	"regValue\000"
 784      616C7565 
 784      00
 785              	.LASF5:
 786 0182 73686F72 		.ascii	"short int\000"
 786      7420696E 
 786      7400
 787              	.LASF19:
 788 018c 474E5520 		.ascii	"GNU C11 5.4.1 20160609 (release) [ARM/embedded-5-br"
 788      43313120 
 788      352E342E 
 788      31203230 
 788      31363036 
 789 01bf 616E6368 		.ascii	"anch revision 237715] -mcpu=cortex-m0plus -mthumb -"
ARM GAS  C:\Users\220036~1\AppData\Local\Temp\ccpBvFeQ.s 			page 22


 789      20726576 
 789      6973696F 
 789      6E203233 
 789      37373135 
 790 01f2 67202D4F 		.ascii	"g -Og -ffunction-sections -ffat-lto-objects\000"
 790      67202D66 
 790      66756E63 
 790      74696F6E 
 790      2D736563 
 791              	.LASF10:
 792 021e 73697A65 		.ascii	"sizetype\000"
 792      74797065 
 792      00
 793              		.ident	"GCC: (GNU Tools for ARM Embedded Processors) 5.4.1 20160609 (release) [ARM/embedded-5-bran
